{
  "stats": {
    "suites": 3,
    "tests": 55,
    "passes": 55,
    "pending": 0,
    "failures": 0,
    "start": "2018-05-14T18:52:33.479Z",
    "end": "2018-05-14T18:52:33.575Z",
    "duration": 96,
    "testsRegistered": 55,
    "passPercent": 100,
    "pendingPercent": 0,
    "other": 0,
    "hasOther": false,
    "skipped": 0,
    "hasSkipped": false,
    "passPercentClass": "success",
    "pendingPercentClass": "danger"
  },
  "suites": {
    "uuid": "4821d08b-1a8d-4ed6-a509-431785ef9955",
    "title": "",
    "fullFile": "",
    "file": "",
    "beforeHooks": [],
    "afterHooks": [],
    "tests": [],
    "suites": [
      {
        "uuid": "9f93c596-7eee-49f3-ace0-080bfcba7a9c",
        "title": "template files - ",
        "fullFile": "C:\\Users\\bmoore\\source\\repos\\azure-quickstart-templates\\test\\template-validation-tests\\test\\mainTemplateTests.js",
        "file": "\\test\\mainTemplateTests.js",
        "beforeHooks": [],
        "afterHooks": [],
        "tests": [],
        "suites": [
          {
            "uuid": "87a50136-9523-487d-99b0-e60bba8baf11",
            "title": "parameters tests - ",
            "fullFile": "C:\\Users\\bmoore\\source\\repos\\azure-quickstart-templates\\test\\template-validation-tests\\test\\mainTemplateTests.js",
            "file": "\\test\\mainTemplateTests.js",
            "beforeHooks": [],
            "afterHooks": [],
            "tests": [
              {
                "title": "maintemplate.json should have a \"parameters\" property",
                "fullTitle": "template files -  parameters tests -  maintemplate.json should have a \"parameters\" property",
                "timedOut": false,
                "duration": 0,
                "state": "passed",
                "speed": "fast",
                "pass": true,
                "fail": false,
                "pending": false,
                "code": "mainTemplateFileJSONObject.should.have.property('parameters');",
                "err": {},
                "isRoot": false,
                "uuid": "34979453-dbc1-4cf8-87a1-53d8008b5644",
                "isHook": false,
                "skipped": false
              },
              {
                "title": "parameter location that does not have a defaultValue in file mainTemplate.json, must have a corresponding output in createUiDefinition.json",
                "fullTitle": "template files -  parameters tests -  parameter location that does not have a defaultValue in file mainTemplate.json, must have a corresponding output in createUiDefinition.json",
                "timedOut": false,
                "duration": 0,
                "state": "passed",
                "speed": "fast",
                "pass": true,
                "fail": false,
                "pending": false,
                "code": "process.bind(this)(test, done);",
                "err": {},
                "isRoot": false,
                "uuid": "6996ee7e-4749-4465-94b1-1bba9320400a",
                "isHook": false,
                "skipped": false
              },
              {
                "title": "parameter vmName that does not have a defaultValue in file mainTemplate.json, must have a corresponding output in createUiDefinition.json",
                "fullTitle": "template files -  parameters tests -  parameter vmName that does not have a defaultValue in file mainTemplate.json, must have a corresponding output in createUiDefinition.json",
                "timedOut": false,
                "duration": 1,
                "state": "passed",
                "speed": "fast",
                "pass": true,
                "fail": false,
                "pending": false,
                "code": "process.bind(this)(test, done);",
                "err": {},
                "isRoot": false,
                "uuid": "e7da8e62-ce78-4635-a992-08505a75350b",
                "isHook": false,
                "skipped": false
              },
              {
                "title": "parameter adminUsername that does not have a defaultValue in file mainTemplate.json, must have a corresponding output in createUiDefinition.json",
                "fullTitle": "template files -  parameters tests -  parameter adminUsername that does not have a defaultValue in file mainTemplate.json, must have a corresponding output in createUiDefinition.json",
                "timedOut": false,
                "duration": 2,
                "state": "passed",
                "speed": "fast",
                "pass": true,
                "fail": false,
                "pending": false,
                "code": "process.bind(this)(test, done);",
                "err": {},
                "isRoot": false,
                "uuid": "e7cb93cd-c6d2-4c54-90a0-7f202651037b",
                "isHook": false,
                "skipped": false
              },
              {
                "title": "parameter authenticationType that does not have a defaultValue in file mainTemplate.json, must have a corresponding output in createUiDefinition.json",
                "fullTitle": "template files -  parameters tests -  parameter authenticationType that does not have a defaultValue in file mainTemplate.json, must have a corresponding output in createUiDefinition.json",
                "timedOut": false,
                "duration": 0,
                "state": "passed",
                "speed": "fast",
                "pass": true,
                "fail": false,
                "pending": false,
                "code": "process.bind(this)(test, done);",
                "err": {},
                "isRoot": false,
                "uuid": "c0c4fbe2-783e-47fa-9549-230391ec3dd5",
                "isHook": false,
                "skipped": false
              },
              {
                "title": "parameter adminPasswordOrKey that does not have a defaultValue in file mainTemplate.json, must have a corresponding output in createUiDefinition.json",
                "fullTitle": "template files -  parameters tests -  parameter adminPasswordOrKey that does not have a defaultValue in file mainTemplate.json, must have a corresponding output in createUiDefinition.json",
                "timedOut": false,
                "duration": 0,
                "state": "passed",
                "speed": "fast",
                "pass": true,
                "fail": false,
                "pending": false,
                "code": "process.bind(this)(test, done);",
                "err": {},
                "isRoot": false,
                "uuid": "d8147683-c7a9-4b7f-8e11-d1993940a39b",
                "isHook": false,
                "skipped": false
              },
              {
                "title": "parameter vmSize that does not have a defaultValue in file mainTemplate.json, must have a corresponding output in createUiDefinition.json",
                "fullTitle": "template files -  parameters tests -  parameter vmSize that does not have a defaultValue in file mainTemplate.json, must have a corresponding output in createUiDefinition.json",
                "timedOut": false,
                "duration": 0,
                "state": "passed",
                "speed": "fast",
                "pass": true,
                "fail": false,
                "pending": false,
                "code": "process.bind(this)(test, done);",
                "err": {},
                "isRoot": false,
                "uuid": "70744079-828f-48ab-9742-4cfb3347a0e2",
                "isHook": false,
                "skipped": false
              },
              {
                "title": "parameter storageNewOrExisting that does not have a defaultValue in file mainTemplate.json, must have a corresponding output in createUiDefinition.json",
                "fullTitle": "template files -  parameters tests -  parameter storageNewOrExisting that does not have a defaultValue in file mainTemplate.json, must have a corresponding output in createUiDefinition.json",
                "timedOut": false,
                "duration": 0,
                "state": "passed",
                "speed": "fast",
                "pass": true,
                "fail": false,
                "pending": false,
                "code": "process.bind(this)(test, done);",
                "err": {},
                "isRoot": false,
                "uuid": "9853ad33-5050-4bc1-8231-90ec2504660b",
                "isHook": false,
                "skipped": false
              },
              {
                "title": "parameter storageAccountName that does not have a defaultValue in file mainTemplate.json, must have a corresponding output in createUiDefinition.json",
                "fullTitle": "template files -  parameters tests -  parameter storageAccountName that does not have a defaultValue in file mainTemplate.json, must have a corresponding output in createUiDefinition.json",
                "timedOut": false,
                "duration": 0,
                "state": "passed",
                "speed": "fast",
                "pass": true,
                "fail": false,
                "pending": false,
                "code": "process.bind(this)(test, done);",
                "err": {},
                "isRoot": false,
                "uuid": "571e706f-ec60-4247-ac4d-688427cb006e",
                "isHook": false,
                "skipped": false
              },
              {
                "title": "parameter storageAccountType that does not have a defaultValue in file mainTemplate.json, must have a corresponding output in createUiDefinition.json",
                "fullTitle": "template files -  parameters tests -  parameter storageAccountType that does not have a defaultValue in file mainTemplate.json, must have a corresponding output in createUiDefinition.json",
                "timedOut": false,
                "duration": 0,
                "state": "passed",
                "speed": "fast",
                "pass": true,
                "fail": false,
                "pending": false,
                "code": "process.bind(this)(test, done);",
                "err": {},
                "isRoot": false,
                "uuid": "01c28b14-5c6c-4729-975e-792743ba8fc6",
                "isHook": false,
                "skipped": false
              },
              {
                "title": "parameter storageAccountResourceGroupName that does not have a defaultValue in file mainTemplate.json, must have a corresponding output in createUiDefinition.json",
                "fullTitle": "template files -  parameters tests -  parameter storageAccountResourceGroupName that does not have a defaultValue in file mainTemplate.json, must have a corresponding output in createUiDefinition.json",
                "timedOut": false,
                "duration": 0,
                "state": "passed",
                "speed": "fast",
                "pass": true,
                "fail": false,
                "pending": false,
                "code": "process.bind(this)(test, done);",
                "err": {},
                "isRoot": false,
                "uuid": "841df7ae-2d4b-437d-98cc-d0a9a944275c",
                "isHook": false,
                "skipped": false
              },
              {
                "title": "parameter virtualNetworkNewOrExisting that does not have a defaultValue in file mainTemplate.json, must have a corresponding output in createUiDefinition.json",
                "fullTitle": "template files -  parameters tests -  parameter virtualNetworkNewOrExisting that does not have a defaultValue in file mainTemplate.json, must have a corresponding output in createUiDefinition.json",
                "timedOut": false,
                "duration": 0,
                "state": "passed",
                "speed": "fast",
                "pass": true,
                "fail": false,
                "pending": false,
                "code": "process.bind(this)(test, done);",
                "err": {},
                "isRoot": false,
                "uuid": "022dedc8-3f5b-40a7-bbc9-887562ee1064",
                "isHook": false,
                "skipped": false
              },
              {
                "title": "parameter virtualNetworkName that does not have a defaultValue in file mainTemplate.json, must have a corresponding output in createUiDefinition.json",
                "fullTitle": "template files -  parameters tests -  parameter virtualNetworkName that does not have a defaultValue in file mainTemplate.json, must have a corresponding output in createUiDefinition.json",
                "timedOut": false,
                "duration": 0,
                "state": "passed",
                "speed": "fast",
                "pass": true,
                "fail": false,
                "pending": false,
                "code": "process.bind(this)(test, done);",
                "err": {},
                "isRoot": false,
                "uuid": "b060eda3-2ac3-43a3-8705-99dac4bcebf6",
                "isHook": false,
                "skipped": false
              },
              {
                "title": "parameter addressPrefixes that does not have a defaultValue in file mainTemplate.json, must have a corresponding output in createUiDefinition.json",
                "fullTitle": "template files -  parameters tests -  parameter addressPrefixes that does not have a defaultValue in file mainTemplate.json, must have a corresponding output in createUiDefinition.json",
                "timedOut": false,
                "duration": 0,
                "state": "passed",
                "speed": "fast",
                "pass": true,
                "fail": false,
                "pending": false,
                "code": "process.bind(this)(test, done);",
                "err": {},
                "isRoot": false,
                "uuid": "d9e9f9a6-36f5-443e-85c9-0d3ebc9fe333",
                "isHook": false,
                "skipped": false
              },
              {
                "title": "parameter subnetName that does not have a defaultValue in file mainTemplate.json, must have a corresponding output in createUiDefinition.json",
                "fullTitle": "template files -  parameters tests -  parameter subnetName that does not have a defaultValue in file mainTemplate.json, must have a corresponding output in createUiDefinition.json",
                "timedOut": false,
                "duration": 0,
                "state": "passed",
                "speed": "fast",
                "pass": true,
                "fail": false,
                "pending": false,
                "code": "process.bind(this)(test, done);",
                "err": {},
                "isRoot": false,
                "uuid": "ca79996f-4769-4d9f-9752-410fc78456c5",
                "isHook": false,
                "skipped": false
              },
              {
                "title": "parameter subnetPrefix that does not have a defaultValue in file mainTemplate.json, must have a corresponding output in createUiDefinition.json",
                "fullTitle": "template files -  parameters tests -  parameter subnetPrefix that does not have a defaultValue in file mainTemplate.json, must have a corresponding output in createUiDefinition.json",
                "timedOut": false,
                "duration": 0,
                "state": "passed",
                "speed": "fast",
                "pass": true,
                "fail": false,
                "pending": false,
                "code": "process.bind(this)(test, done);",
                "err": {},
                "isRoot": false,
                "uuid": "9d6a6f72-0545-4f57-876b-15b9db45e7e7",
                "isHook": false,
                "skipped": false
              },
              {
                "title": "parameter virtualNetworkResourceGroupName that does not have a defaultValue in file mainTemplate.json, must have a corresponding output in createUiDefinition.json",
                "fullTitle": "template files -  parameters tests -  parameter virtualNetworkResourceGroupName that does not have a defaultValue in file mainTemplate.json, must have a corresponding output in createUiDefinition.json",
                "timedOut": false,
                "duration": 0,
                "state": "passed",
                "speed": "fast",
                "pass": true,
                "fail": false,
                "pending": false,
                "code": "process.bind(this)(test, done);",
                "err": {},
                "isRoot": false,
                "uuid": "dc3e3211-40a9-4ea1-959b-63fb42ad22b1",
                "isHook": false,
                "skipped": false
              },
              {
                "title": "parameter publicIpNewOrExisting that does not have a defaultValue in file mainTemplate.json, must have a corresponding output in createUiDefinition.json",
                "fullTitle": "template files -  parameters tests -  parameter publicIpNewOrExisting that does not have a defaultValue in file mainTemplate.json, must have a corresponding output in createUiDefinition.json",
                "timedOut": false,
                "duration": 0,
                "state": "passed",
                "speed": "fast",
                "pass": true,
                "fail": false,
                "pending": false,
                "code": "process.bind(this)(test, done);",
                "err": {},
                "isRoot": false,
                "uuid": "9b0a55fe-eb65-4871-b45c-ae1337dc1c8d",
                "isHook": false,
                "skipped": false
              },
              {
                "title": "parameter publicIpName that does not have a defaultValue in file mainTemplate.json, must have a corresponding output in createUiDefinition.json",
                "fullTitle": "template files -  parameters tests -  parameter publicIpName that does not have a defaultValue in file mainTemplate.json, must have a corresponding output in createUiDefinition.json",
                "timedOut": false,
                "duration": 0,
                "state": "passed",
                "speed": "fast",
                "pass": true,
                "fail": false,
                "pending": false,
                "code": "process.bind(this)(test, done);",
                "err": {},
                "isRoot": false,
                "uuid": "cc00c362-e441-45dd-acff-3adda6be8eee",
                "isHook": false,
                "skipped": false
              },
              {
                "title": "parameter publicIpDns that does not have a defaultValue in file mainTemplate.json, must have a corresponding output in createUiDefinition.json",
                "fullTitle": "template files -  parameters tests -  parameter publicIpDns that does not have a defaultValue in file mainTemplate.json, must have a corresponding output in createUiDefinition.json",
                "timedOut": false,
                "duration": 0,
                "state": "passed",
                "speed": "fast",
                "pass": true,
                "fail": false,
                "pending": false,
                "code": "process.bind(this)(test, done);",
                "err": {},
                "isRoot": false,
                "uuid": "28e931be-c83f-4598-8a7d-e68a6aba8ec7",
                "isHook": false,
                "skipped": false
              },
              {
                "title": "parameter publicIpResourceGroupName that does not have a defaultValue in file mainTemplate.json, must have a corresponding output in createUiDefinition.json",
                "fullTitle": "template files -  parameters tests -  parameter publicIpResourceGroupName that does not have a defaultValue in file mainTemplate.json, must have a corresponding output in createUiDefinition.json",
                "timedOut": false,
                "duration": 0,
                "state": "passed",
                "speed": "fast",
                "pass": true,
                "fail": false,
                "pending": false,
                "code": "process.bind(this)(test, done);",
                "err": {},
                "isRoot": false,
                "uuid": "f7627096-16c5-4151-b60c-3e3ef2f1407b",
                "isHook": false,
                "skipped": false
              },
              {
                "title": "parameter _artifactsLocation that does not have a defaultValue in file mainTemplate.json, must have a corresponding output in createUiDefinition.json",
                "fullTitle": "template files -  parameters tests -  parameter _artifactsLocation that does not have a defaultValue in file mainTemplate.json, must have a corresponding output in createUiDefinition.json",
                "timedOut": false,
                "duration": 0,
                "state": "passed",
                "speed": "fast",
                "pass": true,
                "fail": false,
                "pending": false,
                "code": "process.bind(this)(test, done);",
                "err": {},
                "isRoot": false,
                "uuid": "144cb938-8837-4b5e-a9df-85bcae54e192",
                "isHook": false,
                "skipped": false
              },
              {
                "title": "parameter _artifactsLocationSasToken that does not have a defaultValue in file mainTemplate.json, must have a corresponding output in createUiDefinition.json",
                "fullTitle": "template files -  parameters tests -  parameter _artifactsLocationSasToken that does not have a defaultValue in file mainTemplate.json, must have a corresponding output in createUiDefinition.json",
                "timedOut": false,
                "duration": 0,
                "state": "passed",
                "speed": "fast",
                "pass": true,
                "fail": false,
                "pending": false,
                "code": "process.bind(this)(test, done);",
                "err": {},
                "isRoot": false,
                "uuid": "66961b91-7edb-4f34-b55c-b12bc86c20bd",
                "isHook": false,
                "skipped": false
              },
              {
                "title": "non-null default values must not be provided for secureStrings",
                "fullTitle": "template files -  parameters tests -  non-null default values must not be provided for secureStrings",
                "timedOut": false,
                "duration": 0,
                "state": "passed",
                "speed": "fast",
                "pass": true,
                "fail": false,
                "pending": false,
                "code": "templateFileJSONObjects.forEach(templateJSONObject => {\n    var templateObject = templateJSONObject.value;\n    Object.keys(templateObject.parameters).forEach(parameter => {\n        if (templateObject.parameters[parameter].type.toLowerCase() == 'securestring') {\n            // get default value if one exists\n            var defaultVal = templateObject.parameters[parameter].defaultValue;\n            if (defaultVal && defaultVal.length > 0) {\n                expect(templateObject.parameters[parameter], 'in file:' + templateJSONObject.filename + parameter + ' should not have defaultValue').to.not.have.property('defaultValue');\n            }\n        }\n    });\n});",
                "err": {},
                "isRoot": false,
                "uuid": "7faa0944-42ac-4dd6-a35f-6ca20ef3628b",
                "isHook": false,
                "skipped": false
              },
              {
                "title": "a parameter named \"location\" must exist and it must have a defaultValue of resourceGroup().location",
                "fullTitle": "template files -  parameters tests -  a parameter named \"location\" must exist and it must have a defaultValue of resourceGroup().location",
                "timedOut": false,
                "duration": 1,
                "state": "passed",
                "speed": "fast",
                "pass": true,
                "fail": false,
                "pending": false,
                "code": "mainTemplateFileJSONObject.should.withMessage('file:mainTemplate.json is missing parameters property').have.property('parameters');\nmainTemplateFileJSONObject.parameters.should.withMessage('file:mainTemplate.json is missing location property in parameters').have.property('location');\n/** The location parameter can have a defaultValue property, and its value must be '[resourceGroup().location]' */\nvar location = mainTemplateFileJSONObject.parameters.location;\nif (location.defaultValue) {\n    location.defaultValue.should.withMessage('in file:mainTemplate.json, the default value of location property MUST be [resourceGroup().location]').be.eql('[resourceGroup().location]');\n}\nlocation.should.withMessage('in file:mainTemplate.json, location property MUST NOT have allowedValues property').not.have.property('allowedValues');",
                "err": {},
                "isRoot": false,
                "uuid": "6846d892-da45-4ad7-9bd4-cc82902d8452",
                "isHook": false,
                "skipped": false
              },
              {
                "title": "parameter location must be used in file mainTemplate.json",
                "fullTitle": "template files -  parameters tests -  parameter location must be used in file mainTemplate.json",
                "timedOut": false,
                "duration": 0,
                "state": "passed",
                "speed": "fast",
                "pass": true,
                "fail": false,
                "pending": false,
                "code": "process.bind(this)(test, done);",
                "err": {},
                "isRoot": false,
                "uuid": "ae821c80-878c-45c1-a0a1-31fbb5fa3725",
                "isHook": false,
                "skipped": false
              },
              {
                "title": "parameter vmName must be used in file mainTemplate.json",
                "fullTitle": "template files -  parameters tests -  parameter vmName must be used in file mainTemplate.json",
                "timedOut": false,
                "duration": 1,
                "state": "passed",
                "speed": "fast",
                "pass": true,
                "fail": false,
                "pending": false,
                "code": "process.bind(this)(test, done);",
                "err": {},
                "isRoot": false,
                "uuid": "20922acb-9125-47f8-b7d1-9f0aec184ec4",
                "isHook": false,
                "skipped": false
              },
              {
                "title": "parameter adminUsername must be used in file mainTemplate.json",
                "fullTitle": "template files -  parameters tests -  parameter adminUsername must be used in file mainTemplate.json",
                "timedOut": false,
                "duration": 0,
                "state": "passed",
                "speed": "fast",
                "pass": true,
                "fail": false,
                "pending": false,
                "code": "process.bind(this)(test, done);",
                "err": {},
                "isRoot": false,
                "uuid": "636a114e-a882-4a58-80cb-683609ffb487",
                "isHook": false,
                "skipped": false
              },
              {
                "title": "parameter authenticationType must be used in file mainTemplate.json",
                "fullTitle": "template files -  parameters tests -  parameter authenticationType must be used in file mainTemplate.json",
                "timedOut": false,
                "duration": 0,
                "state": "passed",
                "speed": "fast",
                "pass": true,
                "fail": false,
                "pending": false,
                "code": "process.bind(this)(test, done);",
                "err": {},
                "isRoot": false,
                "uuid": "8a46e246-f380-47bb-a75c-d3f693070cde",
                "isHook": false,
                "skipped": false
              },
              {
                "title": "parameter adminPasswordOrKey must be used in file mainTemplate.json",
                "fullTitle": "template files -  parameters tests -  parameter adminPasswordOrKey must be used in file mainTemplate.json",
                "timedOut": false,
                "duration": 0,
                "state": "passed",
                "speed": "fast",
                "pass": true,
                "fail": false,
                "pending": false,
                "code": "process.bind(this)(test, done);",
                "err": {},
                "isRoot": false,
                "uuid": "9c6a1922-f1e5-4310-be7a-e668d4d024a8",
                "isHook": false,
                "skipped": false
              },
              {
                "title": "parameter vmSize must be used in file mainTemplate.json",
                "fullTitle": "template files -  parameters tests -  parameter vmSize must be used in file mainTemplate.json",
                "timedOut": false,
                "duration": 0,
                "state": "passed",
                "speed": "fast",
                "pass": true,
                "fail": false,
                "pending": false,
                "code": "process.bind(this)(test, done);",
                "err": {},
                "isRoot": false,
                "uuid": "494c811d-083c-43da-94a4-de6bd1e502d2",
                "isHook": false,
                "skipped": false
              },
              {
                "title": "parameter storageNewOrExisting must be used in file mainTemplate.json",
                "fullTitle": "template files -  parameters tests -  parameter storageNewOrExisting must be used in file mainTemplate.json",
                "timedOut": false,
                "duration": 0,
                "state": "passed",
                "speed": "fast",
                "pass": true,
                "fail": false,
                "pending": false,
                "code": "process.bind(this)(test, done);",
                "err": {},
                "isRoot": false,
                "uuid": "fd99dbb7-5fb0-4ec2-972b-d0ddba622b0d",
                "isHook": false,
                "skipped": false
              },
              {
                "title": "parameter storageAccountName must be used in file mainTemplate.json",
                "fullTitle": "template files -  parameters tests -  parameter storageAccountName must be used in file mainTemplate.json",
                "timedOut": false,
                "duration": 0,
                "state": "passed",
                "speed": "fast",
                "pass": true,
                "fail": false,
                "pending": false,
                "code": "process.bind(this)(test, done);",
                "err": {},
                "isRoot": false,
                "uuid": "a96e58b2-4250-45dd-a6c8-9cf4f34e3f74",
                "isHook": false,
                "skipped": false
              },
              {
                "title": "parameter storageAccountType must be used in file mainTemplate.json",
                "fullTitle": "template files -  parameters tests -  parameter storageAccountType must be used in file mainTemplate.json",
                "timedOut": false,
                "duration": 0,
                "state": "passed",
                "speed": "fast",
                "pass": true,
                "fail": false,
                "pending": false,
                "code": "process.bind(this)(test, done);",
                "err": {},
                "isRoot": false,
                "uuid": "d27eac3f-2673-4cc7-9eb5-04209bb59a49",
                "isHook": false,
                "skipped": false
              },
              {
                "title": "parameter storageAccountResourceGroupName must be used in file mainTemplate.json",
                "fullTitle": "template files -  parameters tests -  parameter storageAccountResourceGroupName must be used in file mainTemplate.json",
                "timedOut": false,
                "duration": 0,
                "state": "passed",
                "speed": "fast",
                "pass": true,
                "fail": false,
                "pending": false,
                "code": "process.bind(this)(test, done);",
                "err": {},
                "isRoot": false,
                "uuid": "53229fc5-3c29-4590-bac6-dbbf7f13c378",
                "isHook": false,
                "skipped": false
              },
              {
                "title": "parameter virtualNetworkNewOrExisting must be used in file mainTemplate.json",
                "fullTitle": "template files -  parameters tests -  parameter virtualNetworkNewOrExisting must be used in file mainTemplate.json",
                "timedOut": false,
                "duration": 0,
                "state": "passed",
                "speed": "fast",
                "pass": true,
                "fail": false,
                "pending": false,
                "code": "process.bind(this)(test, done);",
                "err": {},
                "isRoot": false,
                "uuid": "dedf692d-f80c-4a2c-931c-5d1c112a8630",
                "isHook": false,
                "skipped": false
              },
              {
                "title": "parameter virtualNetworkName must be used in file mainTemplate.json",
                "fullTitle": "template files -  parameters tests -  parameter virtualNetworkName must be used in file mainTemplate.json",
                "timedOut": false,
                "duration": 0,
                "state": "passed",
                "speed": "fast",
                "pass": true,
                "fail": false,
                "pending": false,
                "code": "process.bind(this)(test, done);",
                "err": {},
                "isRoot": false,
                "uuid": "6c86c72a-5dc5-4a08-9c57-23aad70389cc",
                "isHook": false,
                "skipped": false
              },
              {
                "title": "parameter addressPrefixes must be used in file mainTemplate.json",
                "fullTitle": "template files -  parameters tests -  parameter addressPrefixes must be used in file mainTemplate.json",
                "timedOut": false,
                "duration": 0,
                "state": "passed",
                "speed": "fast",
                "pass": true,
                "fail": false,
                "pending": false,
                "code": "process.bind(this)(test, done);",
                "err": {},
                "isRoot": false,
                "uuid": "f2a9f6a5-c4f2-4ce2-b3d0-4409a05adbd1",
                "isHook": false,
                "skipped": false
              },
              {
                "title": "parameter subnetName must be used in file mainTemplate.json",
                "fullTitle": "template files -  parameters tests -  parameter subnetName must be used in file mainTemplate.json",
                "timedOut": false,
                "duration": 0,
                "state": "passed",
                "speed": "fast",
                "pass": true,
                "fail": false,
                "pending": false,
                "code": "process.bind(this)(test, done);",
                "err": {},
                "isRoot": false,
                "uuid": "8209648f-27a6-403c-86c3-6c4798c867ba",
                "isHook": false,
                "skipped": false
              },
              {
                "title": "parameter subnetPrefix must be used in file mainTemplate.json",
                "fullTitle": "template files -  parameters tests -  parameter subnetPrefix must be used in file mainTemplate.json",
                "timedOut": false,
                "duration": 0,
                "state": "passed",
                "speed": "fast",
                "pass": true,
                "fail": false,
                "pending": false,
                "code": "process.bind(this)(test, done);",
                "err": {},
                "isRoot": false,
                "uuid": "8afe3779-3617-4dcc-8891-6ee2bc73e43e",
                "isHook": false,
                "skipped": false
              },
              {
                "title": "parameter virtualNetworkResourceGroupName must be used in file mainTemplate.json",
                "fullTitle": "template files -  parameters tests -  parameter virtualNetworkResourceGroupName must be used in file mainTemplate.json",
                "timedOut": false,
                "duration": 0,
                "state": "passed",
                "speed": "fast",
                "pass": true,
                "fail": false,
                "pending": false,
                "code": "process.bind(this)(test, done);",
                "err": {},
                "isRoot": false,
                "uuid": "51f6c14f-e304-4aa4-84b3-9dc3cfb0c46b",
                "isHook": false,
                "skipped": false
              },
              {
                "title": "parameter publicIpNewOrExisting must be used in file mainTemplate.json",
                "fullTitle": "template files -  parameters tests -  parameter publicIpNewOrExisting must be used in file mainTemplate.json",
                "timedOut": false,
                "duration": 0,
                "state": "passed",
                "speed": "fast",
                "pass": true,
                "fail": false,
                "pending": false,
                "code": "process.bind(this)(test, done);",
                "err": {},
                "isRoot": false,
                "uuid": "8edb13df-6e53-4f41-88bd-54b23e204cb1",
                "isHook": false,
                "skipped": false
              },
              {
                "title": "parameter publicIpName must be used in file mainTemplate.json",
                "fullTitle": "template files -  parameters tests -  parameter publicIpName must be used in file mainTemplate.json",
                "timedOut": false,
                "duration": 0,
                "state": "passed",
                "speed": "fast",
                "pass": true,
                "fail": false,
                "pending": false,
                "code": "process.bind(this)(test, done);",
                "err": {},
                "isRoot": false,
                "uuid": "6761673c-9e07-47a6-9377-b377d09ea837",
                "isHook": false,
                "skipped": false
              },
              {
                "title": "parameter publicIpDns must be used in file mainTemplate.json",
                "fullTitle": "template files -  parameters tests -  parameter publicIpDns must be used in file mainTemplate.json",
                "timedOut": false,
                "duration": 0,
                "state": "passed",
                "speed": "fast",
                "pass": true,
                "fail": false,
                "pending": false,
                "code": "process.bind(this)(test, done);",
                "err": {},
                "isRoot": false,
                "uuid": "7beafe0e-9114-44d5-8cc5-74e4af86666e",
                "isHook": false,
                "skipped": false
              },
              {
                "title": "parameter publicIpResourceGroupName must be used in file mainTemplate.json",
                "fullTitle": "template files -  parameters tests -  parameter publicIpResourceGroupName must be used in file mainTemplate.json",
                "timedOut": false,
                "duration": 1,
                "state": "passed",
                "speed": "fast",
                "pass": true,
                "fail": false,
                "pending": false,
                "code": "process.bind(this)(test, done);",
                "err": {},
                "isRoot": false,
                "uuid": "13a981f9-77ce-4340-aa45-7072937cd8cb",
                "isHook": false,
                "skipped": false
              },
              {
                "title": "parameter _artifactsLocation must be used in file mainTemplate.json",
                "fullTitle": "template files -  parameters tests -  parameter _artifactsLocation must be used in file mainTemplate.json",
                "timedOut": false,
                "duration": 1,
                "state": "passed",
                "speed": "fast",
                "pass": true,
                "fail": false,
                "pending": false,
                "code": "process.bind(this)(test, done);",
                "err": {},
                "isRoot": false,
                "uuid": "d5f41ab3-4a29-4862-bc42-3dd15d85f81f",
                "isHook": false,
                "skipped": false
              },
              {
                "title": "parameter _artifactsLocationSasToken must be used in file mainTemplate.json",
                "fullTitle": "template files -  parameters tests -  parameter _artifactsLocationSasToken must be used in file mainTemplate.json",
                "timedOut": false,
                "duration": 0,
                "state": "passed",
                "speed": "fast",
                "pass": true,
                "fail": false,
                "pending": false,
                "code": "process.bind(this)(test, done);",
                "err": {},
                "isRoot": false,
                "uuid": "491c02ea-8401-471f-9539-32661e1c16d4",
                "isHook": false,
                "skipped": false
              }
            ],
            "suites": [],
            "passes": [
              "34979453-dbc1-4cf8-87a1-53d8008b5644",
              "6996ee7e-4749-4465-94b1-1bba9320400a",
              "e7da8e62-ce78-4635-a992-08505a75350b",
              "e7cb93cd-c6d2-4c54-90a0-7f202651037b",
              "c0c4fbe2-783e-47fa-9549-230391ec3dd5",
              "d8147683-c7a9-4b7f-8e11-d1993940a39b",
              "70744079-828f-48ab-9742-4cfb3347a0e2",
              "9853ad33-5050-4bc1-8231-90ec2504660b",
              "571e706f-ec60-4247-ac4d-688427cb006e",
              "01c28b14-5c6c-4729-975e-792743ba8fc6",
              "841df7ae-2d4b-437d-98cc-d0a9a944275c",
              "022dedc8-3f5b-40a7-bbc9-887562ee1064",
              "b060eda3-2ac3-43a3-8705-99dac4bcebf6",
              "d9e9f9a6-36f5-443e-85c9-0d3ebc9fe333",
              "ca79996f-4769-4d9f-9752-410fc78456c5",
              "9d6a6f72-0545-4f57-876b-15b9db45e7e7",
              "dc3e3211-40a9-4ea1-959b-63fb42ad22b1",
              "9b0a55fe-eb65-4871-b45c-ae1337dc1c8d",
              "cc00c362-e441-45dd-acff-3adda6be8eee",
              "28e931be-c83f-4598-8a7d-e68a6aba8ec7",
              "f7627096-16c5-4151-b60c-3e3ef2f1407b",
              "144cb938-8837-4b5e-a9df-85bcae54e192",
              "66961b91-7edb-4f34-b55c-b12bc86c20bd",
              "7faa0944-42ac-4dd6-a35f-6ca20ef3628b",
              "6846d892-da45-4ad7-9bd4-cc82902d8452",
              "ae821c80-878c-45c1-a0a1-31fbb5fa3725",
              "20922acb-9125-47f8-b7d1-9f0aec184ec4",
              "636a114e-a882-4a58-80cb-683609ffb487",
              "8a46e246-f380-47bb-a75c-d3f693070cde",
              "9c6a1922-f1e5-4310-be7a-e668d4d024a8",
              "494c811d-083c-43da-94a4-de6bd1e502d2",
              "fd99dbb7-5fb0-4ec2-972b-d0ddba622b0d",
              "a96e58b2-4250-45dd-a6c8-9cf4f34e3f74",
              "d27eac3f-2673-4cc7-9eb5-04209bb59a49",
              "53229fc5-3c29-4590-bac6-dbbf7f13c378",
              "dedf692d-f80c-4a2c-931c-5d1c112a8630",
              "6c86c72a-5dc5-4a08-9c57-23aad70389cc",
              "f2a9f6a5-c4f2-4ce2-b3d0-4409a05adbd1",
              "8209648f-27a6-403c-86c3-6c4798c867ba",
              "8afe3779-3617-4dcc-8891-6ee2bc73e43e",
              "51f6c14f-e304-4aa4-84b3-9dc3cfb0c46b",
              "8edb13df-6e53-4f41-88bd-54b23e204cb1",
              "6761673c-9e07-47a6-9377-b377d09ea837",
              "7beafe0e-9114-44d5-8cc5-74e4af86666e",
              "13a981f9-77ce-4340-aa45-7072937cd8cb",
              "d5f41ab3-4a29-4862-bc42-3dd15d85f81f",
              "491c02ea-8401-471f-9539-32661e1c16d4"
            ],
            "failures": [],
            "pending": [],
            "skipped": [],
            "duration": 7,
            "root": false,
            "rootEmpty": false,
            "_timeout": 2000
          },
          {
            "uuid": "749f594f-f69a-4752-9a3f-b3a60d265ec5",
            "title": "resources tests - ",
            "fullFile": "C:\\Users\\bmoore\\source\\repos\\azure-quickstart-templates\\test\\template-validation-tests\\test\\mainTemplateTests.js",
            "file": "\\test\\mainTemplateTests.js",
            "beforeHooks": [],
            "afterHooks": [],
            "tests": [
              {
                "title": "location value of resource [parameters('storageAccountName')] should be either [parameters('*')] or [variables('*')]",
                "fullTitle": "template files -  resources tests -  location value of resource [parameters('storageAccountName')] should be either [parameters('*')] or [variables('*')]",
                "timedOut": false,
                "duration": 1,
                "state": "passed",
                "speed": "fast",
                "pass": true,
                "fail": false,
                "pending": false,
                "code": "process.bind(this)(test, done);",
                "err": {},
                "isRoot": false,
                "uuid": "e67f8e8b-819f-4968-8625-2c9c501e1bbb",
                "isHook": false,
                "skipped": false
              },
              {
                "title": "location value of resource [parameters('publicIpName')] should be either [parameters('*')] or [variables('*')]",
                "fullTitle": "template files -  resources tests -  location value of resource [parameters('publicIpName')] should be either [parameters('*')] or [variables('*')]",
                "timedOut": false,
                "duration": 0,
                "state": "passed",
                "speed": "fast",
                "pass": true,
                "fail": false,
                "pending": false,
                "code": "process.bind(this)(test, done);",
                "err": {},
                "isRoot": false,
                "uuid": "80aedaa9-06ee-4134-aaa8-be0a7885458a",
                "isHook": false,
                "skipped": false
              },
              {
                "title": "location value of resource [parameters('virtualNetworkName')] should be either [parameters('*')] or [variables('*')]",
                "fullTitle": "template files -  resources tests -  location value of resource [parameters('virtualNetworkName')] should be either [parameters('*')] or [variables('*')]",
                "timedOut": false,
                "duration": 0,
                "state": "passed",
                "speed": "fast",
                "pass": true,
                "fail": false,
                "pending": false,
                "code": "process.bind(this)(test, done);",
                "err": {},
                "isRoot": false,
                "uuid": "76368c04-8cb6-4d88-9a73-54f3a24dff45",
                "isHook": false,
                "skipped": false
              },
              {
                "title": "location value of resource [variables('networkSecurityGroupName')] should be either [parameters('*')] or [variables('*')]",
                "fullTitle": "template files -  resources tests -  location value of resource [variables('networkSecurityGroupName')] should be either [parameters('*')] or [variables('*')]",
                "timedOut": false,
                "duration": 0,
                "state": "passed",
                "speed": "fast",
                "pass": true,
                "fail": false,
                "pending": false,
                "code": "process.bind(this)(test, done);",
                "err": {},
                "isRoot": false,
                "uuid": "ed4e6d12-b273-4b9f-8f30-f0a78951e098",
                "isHook": false,
                "skipped": false
              },
              {
                "title": "location value of resource [variables('nicName')] should be either [parameters('*')] or [variables('*')]",
                "fullTitle": "template files -  resources tests -  location value of resource [variables('nicName')] should be either [parameters('*')] or [variables('*')]",
                "timedOut": false,
                "duration": 0,
                "state": "passed",
                "speed": "fast",
                "pass": true,
                "fail": false,
                "pending": false,
                "code": "process.bind(this)(test, done);",
                "err": {},
                "isRoot": false,
                "uuid": "446d55ba-a636-4580-9b17-05628b4f8e83",
                "isHook": false,
                "skipped": false
              },
              {
                "title": "location value of resource [parameters('vmName')] should be either [parameters('*')] or [variables('*')]",
                "fullTitle": "template files -  resources tests -  location value of resource [parameters('vmName')] should be either [parameters('*')] or [variables('*')]",
                "timedOut": false,
                "duration": 0,
                "state": "passed",
                "speed": "fast",
                "pass": true,
                "fail": false,
                "pending": false,
                "code": "process.bind(this)(test, done);",
                "err": {},
                "isRoot": false,
                "uuid": "ae95ba6d-ba37-47bf-87e4-cc5efecc0956",
                "isHook": false,
                "skipped": false
              },
              {
                "title": "resourceGroup().location must NOT be be used in the template file azuredeploy.json, except as a default value for the location parameter. Please correct similar errors in the file",
                "fullTitle": "template files -  resources tests -  resourceGroup().location must NOT be be used in the template file azuredeploy.json, except as a default value for the location parameter. Please correct similar errors in the file",
                "timedOut": false,
                "duration": 0,
                "state": "passed",
                "speed": "fast",
                "pass": true,
                "fail": false,
                "pending": false,
                "code": "process.bind(this)(test, done);",
                "err": {},
                "isRoot": false,
                "uuid": "fc8d6c7f-a97e-48fd-bd4c-50441d9d4230",
                "isHook": false,
                "skipped": false
              },
              {
                "title": "providers().apiVersions must NOT be retrieved using providers().apiVersions[n] in the template file azuredeploy.json. This function is non-deterministic. Please correct similar errors in the file",
                "fullTitle": "template files -  resources tests -  providers().apiVersions must NOT be retrieved using providers().apiVersions[n] in the template file azuredeploy.json. This function is non-deterministic. Please correct similar errors in the file",
                "timedOut": false,
                "duration": 0,
                "state": "passed",
                "speed": "fast",
                "pass": true,
                "fail": false,
                "pending": false,
                "code": "process.bind(this)(test, done);",
                "err": {},
                "isRoot": false,
                "uuid": "a13f7a92-3be7-4793-a162-b6aa49190780",
                "isHook": false,
                "skipped": false
              }
            ],
            "suites": [],
            "passes": [
              "e67f8e8b-819f-4968-8625-2c9c501e1bbb",
              "80aedaa9-06ee-4134-aaa8-be0a7885458a",
              "76368c04-8cb6-4d88-9a73-54f3a24dff45",
              "ed4e6d12-b273-4b9f-8f30-f0a78951e098",
              "446d55ba-a636-4580-9b17-05628b4f8e83",
              "ae95ba6d-ba37-47bf-87e4-cc5efecc0956",
              "fc8d6c7f-a97e-48fd-bd4c-50441d9d4230",
              "a13f7a92-3be7-4793-a162-b6aa49190780"
            ],
            "failures": [],
            "pending": [],
            "skipped": [],
            "duration": 1,
            "root": false,
            "rootEmpty": false,
            "_timeout": 2000
          }
        ],
        "passes": [],
        "failures": [],
        "pending": [],
        "skipped": [],
        "duration": 0,
        "root": false,
        "rootEmpty": false,
        "_timeout": 2000
      }
    ],
    "passes": [],
    "failures": [],
    "pending": [],
    "skipped": [],
    "duration": 0,
    "root": true,
    "rootEmpty": true,
    "_timeout": 2000
  },
  "copyrightYear": 2018
}