{
  "stats": {
    "suites": 5,
    "tests": 88,
    "passes": 88,
    "pending": 0,
    "failures": 0,
    "start": "2018-05-23T13:59:23.430Z",
    "end": "2018-05-23T13:59:23.571Z",
    "duration": 141,
    "testsRegistered": 88,
    "passPercent": 100,
    "pendingPercent": 0,
    "other": 0,
    "hasOther": false,
    "skipped": 0,
    "hasSkipped": false,
    "passPercentClass": "success",
    "pendingPercentClass": "danger"
  },
  "suites": {
    "uuid": "85890ae3-d2b2-4d6f-a002-5dfb86d52554",
    "title": "",
    "fullFile": "",
    "file": "",
    "beforeHooks": [],
    "afterHooks": [],
    "tests": [],
    "suites": [
      {
        "uuid": "c6f4bd69-6948-49da-8ba4-67ff1c8b7c39",
        "title": "createUiDefinition.json file - ",
        "fullFile": "C:\\Users\\bmoore\\OneDrive - Microsoft\\Private\\ARM Intro Decks\\arm-intro\\template-validation-tests\\test\\createUiDefTests.js",
        "file": "\\test\\createUiDefTests.js",
        "beforeHooks": [],
        "afterHooks": [],
        "tests": [
          {
            "title": "must have a schema property",
            "fullTitle": "createUiDefinition.json file -  must have a schema property",
            "timedOut": false,
            "duration": 1,
            "state": "passed",
            "speed": "fast",
            "pass": true,
            "fail": false,
            "pending": false,
            "code": "createUiDefFileJSONObject.should.withMessage('$schema property is expected, and it\\'s value should be ' + expectedSchemaVal).have.property('$schema', expectedSchemaVal);",
            "err": {},
            "isRoot": false,
            "uuid": "9becaef6-7ece-45ec-b05a-983761cffe8f",
            "isHook": false,
            "skipped": false
          },
          {
            "title": "handler property value should be 'Microsoft.Compute.MultiVm'",
            "fullTitle": "createUiDefinition.json file -  handler property value should be 'Microsoft.Compute.MultiVm'",
            "timedOut": false,
            "duration": 0,
            "state": "passed",
            "speed": "fast",
            "pass": true,
            "fail": false,
            "pending": false,
            "code": "createUiDefFileJSONObject.should.withMessage('handler property is expected, and it\\'s value should be \\'Microsoft.Compute.MultiVm\\'').have.property('handler', 'Microsoft.Compute.MultiVm');",
            "err": {},
            "isRoot": false,
            "uuid": "a37a6611-d1c6-4ba7-b49c-e79a614c291a",
            "isHook": false,
            "skipped": false
          },
          {
            "title": "version property value must match schema version",
            "fullTitle": "createUiDefinition.json file -  version property value must match schema version",
            "timedOut": false,
            "duration": 0,
            "state": "passed",
            "speed": "fast",
            "pass": true,
            "fail": false,
            "pending": false,
            "code": "assert(typeof(createUiDefFileJSONObject.$schema) !== 'undefined', '$schema property is missing in createUiDefinition.json');\nvar createUiDefSchemaVersion = createUiDefFileJSONObject.$schema.match('schema.management.azure.com/schemas/(.*)/CreateUIDefinition')[1]\ncreateUiDefFileJSONObject.should.have.property('version', createUiDefSchemaVersion);",
            "err": {},
            "isRoot": false,
            "uuid": "c1239814-46cd-4b79-8c24-e5e7a9a2200f",
            "isHook": false,
            "skipped": false
          },
          {
            "title": "must have parameters and outputs properties",
            "fullTitle": "createUiDefinition.json file -  must have parameters and outputs properties",
            "timedOut": false,
            "duration": 0,
            "state": "passed",
            "speed": "fast",
            "pass": true,
            "fail": false,
            "pending": false,
            "code": "createUiDefFileJSONObject.should.have.property('parameters');\ncreateUiDefFileJSONObject.parameters.should.have.property('outputs');",
            "err": {},
            "isRoot": false,
            "uuid": "206f2dd9-0dac-44bd-b01c-453e45c6f968",
            "isHook": false,
            "skipped": false
          },
          {
            "title": "output location must be present in mainTemplate parameters",
            "fullTitle": "createUiDefinition.json file -  output location must be present in mainTemplate parameters",
            "timedOut": false,
            "duration": 2,
            "state": "passed",
            "speed": "fast",
            "pass": true,
            "fail": false,
            "pending": false,
            "code": "process.bind(this)(test, done);",
            "err": {},
            "isRoot": false,
            "uuid": "88310422-35c7-4174-aaee-3eec3fad365f",
            "isHook": false,
            "skipped": false
          },
          {
            "title": "output vmName must be present in mainTemplate parameters",
            "fullTitle": "createUiDefinition.json file -  output vmName must be present in mainTemplate parameters",
            "timedOut": false,
            "duration": 1,
            "state": "passed",
            "speed": "fast",
            "pass": true,
            "fail": false,
            "pending": false,
            "code": "process.bind(this)(test, done);",
            "err": {},
            "isRoot": false,
            "uuid": "7ada764e-be30-46c1-88e5-65fac39642f9",
            "isHook": false,
            "skipped": false
          },
          {
            "title": "output adminUsername must be present in mainTemplate parameters",
            "fullTitle": "createUiDefinition.json file -  output adminUsername must be present in mainTemplate parameters",
            "timedOut": false,
            "duration": 0,
            "state": "passed",
            "speed": "fast",
            "pass": true,
            "fail": false,
            "pending": false,
            "code": "process.bind(this)(test, done);",
            "err": {},
            "isRoot": false,
            "uuid": "c1339025-589d-4aab-bc06-2e33042adaff",
            "isHook": false,
            "skipped": false
          },
          {
            "title": "output authenticationType must be present in mainTemplate parameters",
            "fullTitle": "createUiDefinition.json file -  output authenticationType must be present in mainTemplate parameters",
            "timedOut": false,
            "duration": 1,
            "state": "passed",
            "speed": "fast",
            "pass": true,
            "fail": false,
            "pending": false,
            "code": "process.bind(this)(test, done);",
            "err": {},
            "isRoot": false,
            "uuid": "ddce3d34-759c-4902-813e-1ad02b645573",
            "isHook": false,
            "skipped": false
          },
          {
            "title": "output adminPasswordOrKey must be present in mainTemplate parameters",
            "fullTitle": "createUiDefinition.json file -  output adminPasswordOrKey must be present in mainTemplate parameters",
            "timedOut": false,
            "duration": 0,
            "state": "passed",
            "speed": "fast",
            "pass": true,
            "fail": false,
            "pending": false,
            "code": "process.bind(this)(test, done);",
            "err": {},
            "isRoot": false,
            "uuid": "56aeec4f-eb5f-44bd-ada0-54bd19acad5f",
            "isHook": false,
            "skipped": false
          },
          {
            "title": "output vmSize must be present in mainTemplate parameters",
            "fullTitle": "createUiDefinition.json file -  output vmSize must be present in mainTemplate parameters",
            "timedOut": false,
            "duration": 0,
            "state": "passed",
            "speed": "fast",
            "pass": true,
            "fail": false,
            "pending": false,
            "code": "process.bind(this)(test, done);",
            "err": {},
            "isRoot": false,
            "uuid": "58675b1c-e3e5-402c-a4a5-3f0a6d5a2570",
            "isHook": false,
            "skipped": false
          },
          {
            "title": "output storageNewOrExisting must be present in mainTemplate parameters",
            "fullTitle": "createUiDefinition.json file -  output storageNewOrExisting must be present in mainTemplate parameters",
            "timedOut": false,
            "duration": 1,
            "state": "passed",
            "speed": "fast",
            "pass": true,
            "fail": false,
            "pending": false,
            "code": "process.bind(this)(test, done);",
            "err": {},
            "isRoot": false,
            "uuid": "5a02314f-a72d-4821-9d33-40a6186cb393",
            "isHook": false,
            "skipped": false
          },
          {
            "title": "output storageAccountName must be present in mainTemplate parameters",
            "fullTitle": "createUiDefinition.json file -  output storageAccountName must be present in mainTemplate parameters",
            "timedOut": false,
            "duration": 0,
            "state": "passed",
            "speed": "fast",
            "pass": true,
            "fail": false,
            "pending": false,
            "code": "process.bind(this)(test, done);",
            "err": {},
            "isRoot": false,
            "uuid": "1e5f2843-0069-4044-ae3f-360fd79be8eb",
            "isHook": false,
            "skipped": false
          },
          {
            "title": "output storageAccountType must be present in mainTemplate parameters",
            "fullTitle": "createUiDefinition.json file -  output storageAccountType must be present in mainTemplate parameters",
            "timedOut": false,
            "duration": 0,
            "state": "passed",
            "speed": "fast",
            "pass": true,
            "fail": false,
            "pending": false,
            "code": "process.bind(this)(test, done);",
            "err": {},
            "isRoot": false,
            "uuid": "57f40e8b-2150-4180-92ac-8a9329fa4968",
            "isHook": false,
            "skipped": false
          },
          {
            "title": "output storageAccountResourceGroupName must be present in mainTemplate parameters",
            "fullTitle": "createUiDefinition.json file -  output storageAccountResourceGroupName must be present in mainTemplate parameters",
            "timedOut": false,
            "duration": 0,
            "state": "passed",
            "speed": "fast",
            "pass": true,
            "fail": false,
            "pending": false,
            "code": "process.bind(this)(test, done);",
            "err": {},
            "isRoot": false,
            "uuid": "d2c65a8f-58a4-4a44-876f-7280ba0bf7c8",
            "isHook": false,
            "skipped": false
          },
          {
            "title": "output virtualNetworkNewOrExisting must be present in mainTemplate parameters",
            "fullTitle": "createUiDefinition.json file -  output virtualNetworkNewOrExisting must be present in mainTemplate parameters",
            "timedOut": false,
            "duration": 0,
            "state": "passed",
            "speed": "fast",
            "pass": true,
            "fail": false,
            "pending": false,
            "code": "process.bind(this)(test, done);",
            "err": {},
            "isRoot": false,
            "uuid": "eff9d9fc-499a-46da-9cb0-413e239cdd56",
            "isHook": false,
            "skipped": false
          },
          {
            "title": "output virtualNetworkName must be present in mainTemplate parameters",
            "fullTitle": "createUiDefinition.json file -  output virtualNetworkName must be present in mainTemplate parameters",
            "timedOut": false,
            "duration": 0,
            "state": "passed",
            "speed": "fast",
            "pass": true,
            "fail": false,
            "pending": false,
            "code": "process.bind(this)(test, done);",
            "err": {},
            "isRoot": false,
            "uuid": "538a1185-0297-4966-acfc-bd3d5d34687b",
            "isHook": false,
            "skipped": false
          },
          {
            "title": "output addressPrefixes must be present in mainTemplate parameters",
            "fullTitle": "createUiDefinition.json file -  output addressPrefixes must be present in mainTemplate parameters",
            "timedOut": false,
            "duration": 0,
            "state": "passed",
            "speed": "fast",
            "pass": true,
            "fail": false,
            "pending": false,
            "code": "process.bind(this)(test, done);",
            "err": {},
            "isRoot": false,
            "uuid": "4b8b3346-2c85-437a-931d-16367779db7e",
            "isHook": false,
            "skipped": false
          },
          {
            "title": "output subnetName must be present in mainTemplate parameters",
            "fullTitle": "createUiDefinition.json file -  output subnetName must be present in mainTemplate parameters",
            "timedOut": false,
            "duration": 0,
            "state": "passed",
            "speed": "fast",
            "pass": true,
            "fail": false,
            "pending": false,
            "code": "process.bind(this)(test, done);",
            "err": {},
            "isRoot": false,
            "uuid": "8a32ad37-37fb-4b82-bdc5-3a278a26f77d",
            "isHook": false,
            "skipped": false
          },
          {
            "title": "output subnetPrefix must be present in mainTemplate parameters",
            "fullTitle": "createUiDefinition.json file -  output subnetPrefix must be present in mainTemplate parameters",
            "timedOut": false,
            "duration": 1,
            "state": "passed",
            "speed": "fast",
            "pass": true,
            "fail": false,
            "pending": false,
            "code": "process.bind(this)(test, done);",
            "err": {},
            "isRoot": false,
            "uuid": "b92364bd-e5d2-435b-9b35-71b6661ea48a",
            "isHook": false,
            "skipped": false
          },
          {
            "title": "output virtualNetworkResourceGroupName must be present in mainTemplate parameters",
            "fullTitle": "createUiDefinition.json file -  output virtualNetworkResourceGroupName must be present in mainTemplate parameters",
            "timedOut": false,
            "duration": 0,
            "state": "passed",
            "speed": "fast",
            "pass": true,
            "fail": false,
            "pending": false,
            "code": "process.bind(this)(test, done);",
            "err": {},
            "isRoot": false,
            "uuid": "0165580e-e8fa-4647-98ec-df393a71ddcc",
            "isHook": false,
            "skipped": false
          },
          {
            "title": "output publicIpNewOrExisting must be present in mainTemplate parameters",
            "fullTitle": "createUiDefinition.json file -  output publicIpNewOrExisting must be present in mainTemplate parameters",
            "timedOut": false,
            "duration": 1,
            "state": "passed",
            "speed": "fast",
            "pass": true,
            "fail": false,
            "pending": false,
            "code": "process.bind(this)(test, done);",
            "err": {},
            "isRoot": false,
            "uuid": "1b17e747-028c-4637-b076-9e5f64ed86d0",
            "isHook": false,
            "skipped": false
          },
          {
            "title": "output publicIpName must be present in mainTemplate parameters",
            "fullTitle": "createUiDefinition.json file -  output publicIpName must be present in mainTemplate parameters",
            "timedOut": false,
            "duration": 0,
            "state": "passed",
            "speed": "fast",
            "pass": true,
            "fail": false,
            "pending": false,
            "code": "process.bind(this)(test, done);",
            "err": {},
            "isRoot": false,
            "uuid": "5baa5fe9-f162-4745-9adb-c40e69d0ff7f",
            "isHook": false,
            "skipped": false
          },
          {
            "title": "output publicIpDns must be present in mainTemplate parameters",
            "fullTitle": "createUiDefinition.json file -  output publicIpDns must be present in mainTemplate parameters",
            "timedOut": false,
            "duration": 0,
            "state": "passed",
            "speed": "fast",
            "pass": true,
            "fail": false,
            "pending": false,
            "code": "process.bind(this)(test, done);",
            "err": {},
            "isRoot": false,
            "uuid": "f83d7f9a-c94e-4df3-b98b-d2458ca15a64",
            "isHook": false,
            "skipped": false
          },
          {
            "title": "output publicIpResourceGroupName must be present in mainTemplate parameters",
            "fullTitle": "createUiDefinition.json file -  output publicIpResourceGroupName must be present in mainTemplate parameters",
            "timedOut": false,
            "duration": 0,
            "state": "passed",
            "speed": "fast",
            "pass": true,
            "fail": false,
            "pending": false,
            "code": "process.bind(this)(test, done);",
            "err": {},
            "isRoot": false,
            "uuid": "216e2dd4-c7fd-4719-a151-c34fd9775b8d",
            "isHook": false,
            "skipped": false
          },
          {
            "title": "parameters should have basics and steps properties",
            "fullTitle": "createUiDefinition.json file -  parameters should have basics and steps properties",
            "timedOut": false,
            "duration": 0,
            "state": "passed",
            "speed": "fast",
            "pass": true,
            "fail": false,
            "pending": false,
            "code": "createUiDefFileJSONObject.parameters.should.have.property('basics');",
            "err": {},
            "isRoot": false,
            "uuid": "a7dd0332-c95b-4469-93ac-d0841ec9cc1e",
            "isHook": false,
            "skipped": false
          },
          {
            "title": "text box control vmName must have a regex constraint",
            "fullTitle": "createUiDefinition.json file -  text box control vmName must have a regex constraint",
            "timedOut": false,
            "duration": 2,
            "state": "passed",
            "speed": "fast",
            "pass": true,
            "fail": false,
            "pending": false,
            "code": "process.bind(this)(test, done);",
            "err": {},
            "isRoot": false,
            "uuid": "bc34684a-0e17-457b-a9cc-c907d8adf753",
            "isHook": false,
            "skipped": false
          },
          {
            "title": "location must be in outputs, and should match [location()]",
            "fullTitle": "createUiDefinition.json file -  location must be in outputs, and should match [location()]",
            "timedOut": false,
            "duration": 0,
            "state": "passed",
            "speed": "fast",
            "pass": true,
            "fail": false,
            "pending": false,
            "code": "createUiDefFileJSONObject.parameters.outputs.should.withMessage('location property missing in outputs').have.property('location');\ncreateUiDefFileJSONObject.parameters.outputs.location.toLowerCase().should.withMessage('location value should be [location()]').be.eql('[location()]');",
            "err": {},
            "isRoot": false,
            "uuid": "1e579452-8790-4914-9fe7-0c1eba52080b",
            "isHook": false,
            "skipped": false
          }
        ],
        "suites": [],
        "passes": [
          "9becaef6-7ece-45ec-b05a-983761cffe8f",
          "a37a6611-d1c6-4ba7-b49c-e79a614c291a",
          "c1239814-46cd-4b79-8c24-e5e7a9a2200f",
          "206f2dd9-0dac-44bd-b01c-453e45c6f968",
          "88310422-35c7-4174-aaee-3eec3fad365f",
          "7ada764e-be30-46c1-88e5-65fac39642f9",
          "c1339025-589d-4aab-bc06-2e33042adaff",
          "ddce3d34-759c-4902-813e-1ad02b645573",
          "56aeec4f-eb5f-44bd-ada0-54bd19acad5f",
          "58675b1c-e3e5-402c-a4a5-3f0a6d5a2570",
          "5a02314f-a72d-4821-9d33-40a6186cb393",
          "1e5f2843-0069-4044-ae3f-360fd79be8eb",
          "57f40e8b-2150-4180-92ac-8a9329fa4968",
          "d2c65a8f-58a4-4a44-876f-7280ba0bf7c8",
          "eff9d9fc-499a-46da-9cb0-413e239cdd56",
          "538a1185-0297-4966-acfc-bd3d5d34687b",
          "4b8b3346-2c85-437a-931d-16367779db7e",
          "8a32ad37-37fb-4b82-bdc5-3a278a26f77d",
          "b92364bd-e5d2-435b-9b35-71b6661ea48a",
          "0165580e-e8fa-4647-98ec-df393a71ddcc",
          "1b17e747-028c-4637-b076-9e5f64ed86d0",
          "5baa5fe9-f162-4745-9adb-c40e69d0ff7f",
          "f83d7f9a-c94e-4df3-b98b-d2458ca15a64",
          "216e2dd4-c7fd-4719-a151-c34fd9775b8d",
          "a7dd0332-c95b-4469-93ac-d0841ec9cc1e",
          "bc34684a-0e17-457b-a9cc-c907d8adf753",
          "1e579452-8790-4914-9fe7-0c1eba52080b"
        ],
        "failures": [],
        "pending": [],
        "skipped": [],
        "duration": 10,
        "root": false,
        "rootEmpty": false,
        "_timeout": 2000
      },
      {
        "uuid": "a0f0ef69-f8e3-4e51-963e-aedc8a950b2b",
        "title": "template files - ",
        "fullFile": "C:\\Users\\bmoore\\OneDrive - Microsoft\\Private\\ARM Intro Decks\\arm-intro\\template-validation-tests\\test\\mainTemplateTests.js",
        "file": "\\test\\mainTemplateTests.js",
        "beforeHooks": [],
        "afterHooks": [],
        "tests": [],
        "suites": [
          {
            "uuid": "ce2be71d-1490-49fb-99e6-cb41ae3fdab1",
            "title": "parameters tests - ",
            "fullFile": "C:\\Users\\bmoore\\OneDrive - Microsoft\\Private\\ARM Intro Decks\\arm-intro\\template-validation-tests\\test\\mainTemplateTests.js",
            "file": "\\test\\mainTemplateTests.js",
            "beforeHooks": [],
            "afterHooks": [],
            "tests": [
              {
                "title": "maintemplate.json should have a \"parameters\" property",
                "fullTitle": "template files -  parameters tests -  maintemplate.json should have a \"parameters\" property",
                "timedOut": false,
                "duration": 0,
                "state": "passed",
                "speed": "fast",
                "pass": true,
                "fail": false,
                "pending": false,
                "code": "mainTemplateFileJSONObject.should.have.property('parameters');",
                "err": {},
                "isRoot": false,
                "uuid": "dfac0020-0cfa-47a3-b742-fb8e89a731e2",
                "isHook": false,
                "skipped": false
              },
              {
                "title": "parameter location that does not have a defaultValue in file mainTemplate.json, must have a corresponding output in createUiDefinition.json",
                "fullTitle": "template files -  parameters tests -  parameter location that does not have a defaultValue in file mainTemplate.json, must have a corresponding output in createUiDefinition.json",
                "timedOut": false,
                "duration": 0,
                "state": "passed",
                "speed": "fast",
                "pass": true,
                "fail": false,
                "pending": false,
                "code": "process.bind(this)(test, done);",
                "err": {},
                "isRoot": false,
                "uuid": "1b519939-7e0f-483e-8939-2f7aad455657",
                "isHook": false,
                "skipped": false
              },
              {
                "title": "parameter vmName that does not have a defaultValue in file mainTemplate.json, must have a corresponding output in createUiDefinition.json",
                "fullTitle": "template files -  parameters tests -  parameter vmName that does not have a defaultValue in file mainTemplate.json, must have a corresponding output in createUiDefinition.json",
                "timedOut": false,
                "duration": 0,
                "state": "passed",
                "speed": "fast",
                "pass": true,
                "fail": false,
                "pending": false,
                "code": "process.bind(this)(test, done);",
                "err": {},
                "isRoot": false,
                "uuid": "4e2ee54c-9359-40d9-b077-9c51c9c15743",
                "isHook": false,
                "skipped": false
              },
              {
                "title": "parameter adminUsername that does not have a defaultValue in file mainTemplate.json, must have a corresponding output in createUiDefinition.json",
                "fullTitle": "template files -  parameters tests -  parameter adminUsername that does not have a defaultValue in file mainTemplate.json, must have a corresponding output in createUiDefinition.json",
                "timedOut": false,
                "duration": 0,
                "state": "passed",
                "speed": "fast",
                "pass": true,
                "fail": false,
                "pending": false,
                "code": "process.bind(this)(test, done);",
                "err": {},
                "isRoot": false,
                "uuid": "a5c9e8c5-19e8-4e49-aa9a-71c0c80a253f",
                "isHook": false,
                "skipped": false
              },
              {
                "title": "parameter authenticationType that does not have a defaultValue in file mainTemplate.json, must have a corresponding output in createUiDefinition.json",
                "fullTitle": "template files -  parameters tests -  parameter authenticationType that does not have a defaultValue in file mainTemplate.json, must have a corresponding output in createUiDefinition.json",
                "timedOut": false,
                "duration": 0,
                "state": "passed",
                "speed": "fast",
                "pass": true,
                "fail": false,
                "pending": false,
                "code": "process.bind(this)(test, done);",
                "err": {},
                "isRoot": false,
                "uuid": "0ba61f99-bf01-4304-a8be-d4f1dd1f75ee",
                "isHook": false,
                "skipped": false
              },
              {
                "title": "parameter adminPasswordOrKey that does not have a defaultValue in file mainTemplate.json, must have a corresponding output in createUiDefinition.json",
                "fullTitle": "template files -  parameters tests -  parameter adminPasswordOrKey that does not have a defaultValue in file mainTemplate.json, must have a corresponding output in createUiDefinition.json",
                "timedOut": false,
                "duration": 0,
                "state": "passed",
                "speed": "fast",
                "pass": true,
                "fail": false,
                "pending": false,
                "code": "process.bind(this)(test, done);",
                "err": {},
                "isRoot": false,
                "uuid": "043a67e6-9c9e-4169-a7e5-8583977b488e",
                "isHook": false,
                "skipped": false
              },
              {
                "title": "parameter vmSize that does not have a defaultValue in file mainTemplate.json, must have a corresponding output in createUiDefinition.json",
                "fullTitle": "template files -  parameters tests -  parameter vmSize that does not have a defaultValue in file mainTemplate.json, must have a corresponding output in createUiDefinition.json",
                "timedOut": false,
                "duration": 0,
                "state": "passed",
                "speed": "fast",
                "pass": true,
                "fail": false,
                "pending": false,
                "code": "process.bind(this)(test, done);",
                "err": {},
                "isRoot": false,
                "uuid": "9369847e-2af9-4824-8917-32692a4868aa",
                "isHook": false,
                "skipped": false
              },
              {
                "title": "parameter storageNewOrExisting that does not have a defaultValue in file mainTemplate.json, must have a corresponding output in createUiDefinition.json",
                "fullTitle": "template files -  parameters tests -  parameter storageNewOrExisting that does not have a defaultValue in file mainTemplate.json, must have a corresponding output in createUiDefinition.json",
                "timedOut": false,
                "duration": 0,
                "state": "passed",
                "speed": "fast",
                "pass": true,
                "fail": false,
                "pending": false,
                "code": "process.bind(this)(test, done);",
                "err": {},
                "isRoot": false,
                "uuid": "660ae3b4-199d-4f0c-9892-d3824274cd2a",
                "isHook": false,
                "skipped": false
              },
              {
                "title": "parameter storageAccountName that does not have a defaultValue in file mainTemplate.json, must have a corresponding output in createUiDefinition.json",
                "fullTitle": "template files -  parameters tests -  parameter storageAccountName that does not have a defaultValue in file mainTemplate.json, must have a corresponding output in createUiDefinition.json",
                "timedOut": false,
                "duration": 0,
                "state": "passed",
                "speed": "fast",
                "pass": true,
                "fail": false,
                "pending": false,
                "code": "process.bind(this)(test, done);",
                "err": {},
                "isRoot": false,
                "uuid": "9791be68-4935-469e-bfc5-52d953914b57",
                "isHook": false,
                "skipped": false
              },
              {
                "title": "parameter storageAccountType that does not have a defaultValue in file mainTemplate.json, must have a corresponding output in createUiDefinition.json",
                "fullTitle": "template files -  parameters tests -  parameter storageAccountType that does not have a defaultValue in file mainTemplate.json, must have a corresponding output in createUiDefinition.json",
                "timedOut": false,
                "duration": 0,
                "state": "passed",
                "speed": "fast",
                "pass": true,
                "fail": false,
                "pending": false,
                "code": "process.bind(this)(test, done);",
                "err": {},
                "isRoot": false,
                "uuid": "82715800-5433-4c4f-8e1b-100b487be55f",
                "isHook": false,
                "skipped": false
              },
              {
                "title": "parameter storageAccountResourceGroupName that does not have a defaultValue in file mainTemplate.json, must have a corresponding output in createUiDefinition.json",
                "fullTitle": "template files -  parameters tests -  parameter storageAccountResourceGroupName that does not have a defaultValue in file mainTemplate.json, must have a corresponding output in createUiDefinition.json",
                "timedOut": false,
                "duration": 1,
                "state": "passed",
                "speed": "fast",
                "pass": true,
                "fail": false,
                "pending": false,
                "code": "process.bind(this)(test, done);",
                "err": {},
                "isRoot": false,
                "uuid": "3d138373-0f41-4e9e-9515-4c14629349ae",
                "isHook": false,
                "skipped": false
              },
              {
                "title": "parameter virtualNetworkNewOrExisting that does not have a defaultValue in file mainTemplate.json, must have a corresponding output in createUiDefinition.json",
                "fullTitle": "template files -  parameters tests -  parameter virtualNetworkNewOrExisting that does not have a defaultValue in file mainTemplate.json, must have a corresponding output in createUiDefinition.json",
                "timedOut": false,
                "duration": 0,
                "state": "passed",
                "speed": "fast",
                "pass": true,
                "fail": false,
                "pending": false,
                "code": "process.bind(this)(test, done);",
                "err": {},
                "isRoot": false,
                "uuid": "b3641f94-3d79-481d-8a5d-c4488926e79f",
                "isHook": false,
                "skipped": false
              },
              {
                "title": "parameter virtualNetworkName that does not have a defaultValue in file mainTemplate.json, must have a corresponding output in createUiDefinition.json",
                "fullTitle": "template files -  parameters tests -  parameter virtualNetworkName that does not have a defaultValue in file mainTemplate.json, must have a corresponding output in createUiDefinition.json",
                "timedOut": false,
                "duration": 0,
                "state": "passed",
                "speed": "fast",
                "pass": true,
                "fail": false,
                "pending": false,
                "code": "process.bind(this)(test, done);",
                "err": {},
                "isRoot": false,
                "uuid": "61de690b-4eb7-42db-b5c2-56e4c481a49a",
                "isHook": false,
                "skipped": false
              },
              {
                "title": "parameter addressPrefixes that does not have a defaultValue in file mainTemplate.json, must have a corresponding output in createUiDefinition.json",
                "fullTitle": "template files -  parameters tests -  parameter addressPrefixes that does not have a defaultValue in file mainTemplate.json, must have a corresponding output in createUiDefinition.json",
                "timedOut": false,
                "duration": 0,
                "state": "passed",
                "speed": "fast",
                "pass": true,
                "fail": false,
                "pending": false,
                "code": "process.bind(this)(test, done);",
                "err": {},
                "isRoot": false,
                "uuid": "93d301d8-5e8b-4a2b-a4a1-f793e48634c3",
                "isHook": false,
                "skipped": false
              },
              {
                "title": "parameter subnetName that does not have a defaultValue in file mainTemplate.json, must have a corresponding output in createUiDefinition.json",
                "fullTitle": "template files -  parameters tests -  parameter subnetName that does not have a defaultValue in file mainTemplate.json, must have a corresponding output in createUiDefinition.json",
                "timedOut": false,
                "duration": 0,
                "state": "passed",
                "speed": "fast",
                "pass": true,
                "fail": false,
                "pending": false,
                "code": "process.bind(this)(test, done);",
                "err": {},
                "isRoot": false,
                "uuid": "5d52abd4-7e07-4f01-bd10-da8791588609",
                "isHook": false,
                "skipped": false
              },
              {
                "title": "parameter subnetPrefix that does not have a defaultValue in file mainTemplate.json, must have a corresponding output in createUiDefinition.json",
                "fullTitle": "template files -  parameters tests -  parameter subnetPrefix that does not have a defaultValue in file mainTemplate.json, must have a corresponding output in createUiDefinition.json",
                "timedOut": false,
                "duration": 0,
                "state": "passed",
                "speed": "fast",
                "pass": true,
                "fail": false,
                "pending": false,
                "code": "process.bind(this)(test, done);",
                "err": {},
                "isRoot": false,
                "uuid": "187382ca-2267-4961-94ca-1adddb41dfd9",
                "isHook": false,
                "skipped": false
              },
              {
                "title": "parameter virtualNetworkResourceGroupName that does not have a defaultValue in file mainTemplate.json, must have a corresponding output in createUiDefinition.json",
                "fullTitle": "template files -  parameters tests -  parameter virtualNetworkResourceGroupName that does not have a defaultValue in file mainTemplate.json, must have a corresponding output in createUiDefinition.json",
                "timedOut": false,
                "duration": 0,
                "state": "passed",
                "speed": "fast",
                "pass": true,
                "fail": false,
                "pending": false,
                "code": "process.bind(this)(test, done);",
                "err": {},
                "isRoot": false,
                "uuid": "23d39137-0e31-4a55-87a8-3cc8ecea300b",
                "isHook": false,
                "skipped": false
              },
              {
                "title": "parameter publicIpNewOrExisting that does not have a defaultValue in file mainTemplate.json, must have a corresponding output in createUiDefinition.json",
                "fullTitle": "template files -  parameters tests -  parameter publicIpNewOrExisting that does not have a defaultValue in file mainTemplate.json, must have a corresponding output in createUiDefinition.json",
                "timedOut": false,
                "duration": 0,
                "state": "passed",
                "speed": "fast",
                "pass": true,
                "fail": false,
                "pending": false,
                "code": "process.bind(this)(test, done);",
                "err": {},
                "isRoot": false,
                "uuid": "8598d857-027a-488b-8b80-f462cbd1d1c8",
                "isHook": false,
                "skipped": false
              },
              {
                "title": "parameter publicIpName that does not have a defaultValue in file mainTemplate.json, must have a corresponding output in createUiDefinition.json",
                "fullTitle": "template files -  parameters tests -  parameter publicIpName that does not have a defaultValue in file mainTemplate.json, must have a corresponding output in createUiDefinition.json",
                "timedOut": false,
                "duration": 0,
                "state": "passed",
                "speed": "fast",
                "pass": true,
                "fail": false,
                "pending": false,
                "code": "process.bind(this)(test, done);",
                "err": {},
                "isRoot": false,
                "uuid": "0ea05694-c875-476c-bd6f-355ad91669d4",
                "isHook": false,
                "skipped": false
              },
              {
                "title": "parameter publicIpDns that does not have a defaultValue in file mainTemplate.json, must have a corresponding output in createUiDefinition.json",
                "fullTitle": "template files -  parameters tests -  parameter publicIpDns that does not have a defaultValue in file mainTemplate.json, must have a corresponding output in createUiDefinition.json",
                "timedOut": false,
                "duration": 0,
                "state": "passed",
                "speed": "fast",
                "pass": true,
                "fail": false,
                "pending": false,
                "code": "process.bind(this)(test, done);",
                "err": {},
                "isRoot": false,
                "uuid": "c4389059-f9a0-4c67-a590-583de61109c9",
                "isHook": false,
                "skipped": false
              },
              {
                "title": "parameter publicIpResourceGroupName that does not have a defaultValue in file mainTemplate.json, must have a corresponding output in createUiDefinition.json",
                "fullTitle": "template files -  parameters tests -  parameter publicIpResourceGroupName that does not have a defaultValue in file mainTemplate.json, must have a corresponding output in createUiDefinition.json",
                "timedOut": false,
                "duration": 0,
                "state": "passed",
                "speed": "fast",
                "pass": true,
                "fail": false,
                "pending": false,
                "code": "process.bind(this)(test, done);",
                "err": {},
                "isRoot": false,
                "uuid": "fd6ed65f-166e-4abb-b8c5-872af2b4a9ec",
                "isHook": false,
                "skipped": false
              },
              {
                "title": "parameter _artifactsLocation that does not have a defaultValue in file mainTemplate.json, must have a corresponding output in createUiDefinition.json",
                "fullTitle": "template files -  parameters tests -  parameter _artifactsLocation that does not have a defaultValue in file mainTemplate.json, must have a corresponding output in createUiDefinition.json",
                "timedOut": false,
                "duration": 0,
                "state": "passed",
                "speed": "fast",
                "pass": true,
                "fail": false,
                "pending": false,
                "code": "process.bind(this)(test, done);",
                "err": {},
                "isRoot": false,
                "uuid": "0824ac07-f60e-4e61-a9c9-c904fb87b7ab",
                "isHook": false,
                "skipped": false
              },
              {
                "title": "parameter _artifactsLocationSasToken that does not have a defaultValue in file mainTemplate.json, must have a corresponding output in createUiDefinition.json",
                "fullTitle": "template files -  parameters tests -  parameter _artifactsLocationSasToken that does not have a defaultValue in file mainTemplate.json, must have a corresponding output in createUiDefinition.json",
                "timedOut": false,
                "duration": 0,
                "state": "passed",
                "speed": "fast",
                "pass": true,
                "fail": false,
                "pending": false,
                "code": "process.bind(this)(test, done);",
                "err": {},
                "isRoot": false,
                "uuid": "dc41bd37-a86c-4c80-82f0-2f846380d1db",
                "isHook": false,
                "skipped": false
              },
              {
                "title": "non-null default values must not be provided for secureStrings",
                "fullTitle": "template files -  parameters tests -  non-null default values must not be provided for secureStrings",
                "timedOut": false,
                "duration": 0,
                "state": "passed",
                "speed": "fast",
                "pass": true,
                "fail": false,
                "pending": false,
                "code": "templateFileJSONObjects.forEach(templateJSONObject => {\n    var templateObject = templateJSONObject.value;\n    Object.keys(templateObject.parameters).forEach(parameter => {\n        if (templateObject.parameters[parameter].type.toLowerCase() == 'securestring') {\n            // get default value if one exists\n            var defaultVal = templateObject.parameters[parameter].defaultValue;\n            if (defaultVal && defaultVal.length > 0) {\n                expect(templateObject.parameters[parameter], 'in file:' + templateJSONObject.filename + parameter + ' should not have defaultValue').to.not.have.property('defaultValue');\n            }\n        }\n    });\n});",
                "err": {},
                "isRoot": false,
                "uuid": "87f88085-3683-46b8-b293-2562a90e18c0",
                "isHook": false,
                "skipped": false
              },
              {
                "title": "a parameter named \"location\" must exist and it must have a defaultValue of resourceGroup().location",
                "fullTitle": "template files -  parameters tests -  a parameter named \"location\" must exist and it must have a defaultValue of resourceGroup().location",
                "timedOut": false,
                "duration": 1,
                "state": "passed",
                "speed": "fast",
                "pass": true,
                "fail": false,
                "pending": false,
                "code": "mainTemplateFileJSONObject.should.withMessage('file:mainTemplate.json is missing parameters property').have.property('parameters');\nmainTemplateFileJSONObject.parameters.should.withMessage('file:mainTemplate.json is missing location property in parameters').have.property('location');\n/** The location parameter can have a defaultValue property, and its value must be '[resourceGroup().location]' */\nvar location = mainTemplateFileJSONObject.parameters.location;\nif (location.defaultValue) {\n    location.defaultValue.should.withMessage('in file:mainTemplate.json, the default value of location property MUST be [resourceGroup().location]').be.eql('[resourceGroup().location]');\n}\nlocation.should.withMessage('in file:mainTemplate.json, location property MUST NOT have allowedValues property').not.have.property('allowedValues');",
                "err": {},
                "isRoot": false,
                "uuid": "fab0a37c-6d5d-45bc-9aa3-e68eb9b108e3",
                "isHook": false,
                "skipped": false
              },
              {
                "title": "parameter location must be used in file mainTemplate.json",
                "fullTitle": "template files -  parameters tests -  parameter location must be used in file mainTemplate.json",
                "timedOut": false,
                "duration": 1,
                "state": "passed",
                "speed": "fast",
                "pass": true,
                "fail": false,
                "pending": false,
                "code": "process.bind(this)(test, done);",
                "err": {},
                "isRoot": false,
                "uuid": "fccd6e9e-bd18-4937-988c-916695aac9ff",
                "isHook": false,
                "skipped": false
              },
              {
                "title": "parameter vmName must be used in file mainTemplate.json",
                "fullTitle": "template files -  parameters tests -  parameter vmName must be used in file mainTemplate.json",
                "timedOut": false,
                "duration": 1,
                "state": "passed",
                "speed": "fast",
                "pass": true,
                "fail": false,
                "pending": false,
                "code": "process.bind(this)(test, done);",
                "err": {},
                "isRoot": false,
                "uuid": "cbc20508-52e6-4d2b-8564-d76e4527cf08",
                "isHook": false,
                "skipped": false
              },
              {
                "title": "parameter adminUsername must be used in file mainTemplate.json",
                "fullTitle": "template files -  parameters tests -  parameter adminUsername must be used in file mainTemplate.json",
                "timedOut": false,
                "duration": 0,
                "state": "passed",
                "speed": "fast",
                "pass": true,
                "fail": false,
                "pending": false,
                "code": "process.bind(this)(test, done);",
                "err": {},
                "isRoot": false,
                "uuid": "60975aff-8e05-4c74-900e-5716c3700cf2",
                "isHook": false,
                "skipped": false
              },
              {
                "title": "parameter authenticationType must be used in file mainTemplate.json",
                "fullTitle": "template files -  parameters tests -  parameter authenticationType must be used in file mainTemplate.json",
                "timedOut": false,
                "duration": 0,
                "state": "passed",
                "speed": "fast",
                "pass": true,
                "fail": false,
                "pending": false,
                "code": "process.bind(this)(test, done);",
                "err": {},
                "isRoot": false,
                "uuid": "5fe575b3-28b1-4cca-9da5-4b62735743c0",
                "isHook": false,
                "skipped": false
              },
              {
                "title": "parameter adminPasswordOrKey must be used in file mainTemplate.json",
                "fullTitle": "template files -  parameters tests -  parameter adminPasswordOrKey must be used in file mainTemplate.json",
                "timedOut": false,
                "duration": 0,
                "state": "passed",
                "speed": "fast",
                "pass": true,
                "fail": false,
                "pending": false,
                "code": "process.bind(this)(test, done);",
                "err": {},
                "isRoot": false,
                "uuid": "bf0985db-e2f9-4832-b43e-d51631336ce6",
                "isHook": false,
                "skipped": false
              },
              {
                "title": "parameter vmSize must be used in file mainTemplate.json",
                "fullTitle": "template files -  parameters tests -  parameter vmSize must be used in file mainTemplate.json",
                "timedOut": false,
                "duration": 0,
                "state": "passed",
                "speed": "fast",
                "pass": true,
                "fail": false,
                "pending": false,
                "code": "process.bind(this)(test, done);",
                "err": {},
                "isRoot": false,
                "uuid": "4c730c26-1ee9-4a4a-a659-6f93741ac1b3",
                "isHook": false,
                "skipped": false
              },
              {
                "title": "parameter storageNewOrExisting must be used in file mainTemplate.json",
                "fullTitle": "template files -  parameters tests -  parameter storageNewOrExisting must be used in file mainTemplate.json",
                "timedOut": false,
                "duration": 0,
                "state": "passed",
                "speed": "fast",
                "pass": true,
                "fail": false,
                "pending": false,
                "code": "process.bind(this)(test, done);",
                "err": {},
                "isRoot": false,
                "uuid": "1fd107f0-77ee-49d0-a721-599faaf1aff3",
                "isHook": false,
                "skipped": false
              },
              {
                "title": "parameter storageAccountName must be used in file mainTemplate.json",
                "fullTitle": "template files -  parameters tests -  parameter storageAccountName must be used in file mainTemplate.json",
                "timedOut": false,
                "duration": 0,
                "state": "passed",
                "speed": "fast",
                "pass": true,
                "fail": false,
                "pending": false,
                "code": "process.bind(this)(test, done);",
                "err": {},
                "isRoot": false,
                "uuid": "df694a5e-2bda-4bda-9291-1940c64e1f4b",
                "isHook": false,
                "skipped": false
              },
              {
                "title": "parameter storageAccountType must be used in file mainTemplate.json",
                "fullTitle": "template files -  parameters tests -  parameter storageAccountType must be used in file mainTemplate.json",
                "timedOut": false,
                "duration": 0,
                "state": "passed",
                "speed": "fast",
                "pass": true,
                "fail": false,
                "pending": false,
                "code": "process.bind(this)(test, done);",
                "err": {},
                "isRoot": false,
                "uuid": "54169252-8724-40b8-b7c4-15327cf0ab3e",
                "isHook": false,
                "skipped": false
              },
              {
                "title": "parameter storageAccountResourceGroupName must be used in file mainTemplate.json",
                "fullTitle": "template files -  parameters tests -  parameter storageAccountResourceGroupName must be used in file mainTemplate.json",
                "timedOut": false,
                "duration": 0,
                "state": "passed",
                "speed": "fast",
                "pass": true,
                "fail": false,
                "pending": false,
                "code": "process.bind(this)(test, done);",
                "err": {},
                "isRoot": false,
                "uuid": "1a07690d-1a57-4166-97cd-46067280192c",
                "isHook": false,
                "skipped": false
              },
              {
                "title": "parameter virtualNetworkNewOrExisting must be used in file mainTemplate.json",
                "fullTitle": "template files -  parameters tests -  parameter virtualNetworkNewOrExisting must be used in file mainTemplate.json",
                "timedOut": false,
                "duration": 0,
                "state": "passed",
                "speed": "fast",
                "pass": true,
                "fail": false,
                "pending": false,
                "code": "process.bind(this)(test, done);",
                "err": {},
                "isRoot": false,
                "uuid": "256a9641-e83f-4a04-939b-d7da513a5c34",
                "isHook": false,
                "skipped": false
              },
              {
                "title": "parameter virtualNetworkName must be used in file mainTemplate.json",
                "fullTitle": "template files -  parameters tests -  parameter virtualNetworkName must be used in file mainTemplate.json",
                "timedOut": false,
                "duration": 0,
                "state": "passed",
                "speed": "fast",
                "pass": true,
                "fail": false,
                "pending": false,
                "code": "process.bind(this)(test, done);",
                "err": {},
                "isRoot": false,
                "uuid": "9ec05dac-e645-4518-8823-4fdd703eee98",
                "isHook": false,
                "skipped": false
              },
              {
                "title": "parameter addressPrefixes must be used in file mainTemplate.json",
                "fullTitle": "template files -  parameters tests -  parameter addressPrefixes must be used in file mainTemplate.json",
                "timedOut": false,
                "duration": 0,
                "state": "passed",
                "speed": "fast",
                "pass": true,
                "fail": false,
                "pending": false,
                "code": "process.bind(this)(test, done);",
                "err": {},
                "isRoot": false,
                "uuid": "d916b1eb-3fd4-4f08-bfbc-466fb8fb8aec",
                "isHook": false,
                "skipped": false
              },
              {
                "title": "parameter subnetName must be used in file mainTemplate.json",
                "fullTitle": "template files -  parameters tests -  parameter subnetName must be used in file mainTemplate.json",
                "timedOut": false,
                "duration": 0,
                "state": "passed",
                "speed": "fast",
                "pass": true,
                "fail": false,
                "pending": false,
                "code": "process.bind(this)(test, done);",
                "err": {},
                "isRoot": false,
                "uuid": "6d7d9a0c-ecb8-4b6d-a635-345f191ed344",
                "isHook": false,
                "skipped": false
              },
              {
                "title": "parameter subnetPrefix must be used in file mainTemplate.json",
                "fullTitle": "template files -  parameters tests -  parameter subnetPrefix must be used in file mainTemplate.json",
                "timedOut": false,
                "duration": 0,
                "state": "passed",
                "speed": "fast",
                "pass": true,
                "fail": false,
                "pending": false,
                "code": "process.bind(this)(test, done);",
                "err": {},
                "isRoot": false,
                "uuid": "8e08fe1a-1de4-4902-87a1-1770db659e76",
                "isHook": false,
                "skipped": false
              },
              {
                "title": "parameter virtualNetworkResourceGroupName must be used in file mainTemplate.json",
                "fullTitle": "template files -  parameters tests -  parameter virtualNetworkResourceGroupName must be used in file mainTemplate.json",
                "timedOut": false,
                "duration": 0,
                "state": "passed",
                "speed": "fast",
                "pass": true,
                "fail": false,
                "pending": false,
                "code": "process.bind(this)(test, done);",
                "err": {},
                "isRoot": false,
                "uuid": "b5aac9ab-5e04-4254-b0d6-7f5645b84375",
                "isHook": false,
                "skipped": false
              },
              {
                "title": "parameter publicIpNewOrExisting must be used in file mainTemplate.json",
                "fullTitle": "template files -  parameters tests -  parameter publicIpNewOrExisting must be used in file mainTemplate.json",
                "timedOut": false,
                "duration": 0,
                "state": "passed",
                "speed": "fast",
                "pass": true,
                "fail": false,
                "pending": false,
                "code": "process.bind(this)(test, done);",
                "err": {},
                "isRoot": false,
                "uuid": "ae7a06b9-7906-4be1-8bfe-d9063c5bc950",
                "isHook": false,
                "skipped": false
              },
              {
                "title": "parameter publicIpName must be used in file mainTemplate.json",
                "fullTitle": "template files -  parameters tests -  parameter publicIpName must be used in file mainTemplate.json",
                "timedOut": false,
                "duration": 0,
                "state": "passed",
                "speed": "fast",
                "pass": true,
                "fail": false,
                "pending": false,
                "code": "process.bind(this)(test, done);",
                "err": {},
                "isRoot": false,
                "uuid": "d28063a8-99af-4c35-834e-91df720518ba",
                "isHook": false,
                "skipped": false
              },
              {
                "title": "parameter publicIpDns must be used in file mainTemplate.json",
                "fullTitle": "template files -  parameters tests -  parameter publicIpDns must be used in file mainTemplate.json",
                "timedOut": false,
                "duration": 0,
                "state": "passed",
                "speed": "fast",
                "pass": true,
                "fail": false,
                "pending": false,
                "code": "process.bind(this)(test, done);",
                "err": {},
                "isRoot": false,
                "uuid": "c94f0b3f-43a8-4284-ab16-90a8d926c306",
                "isHook": false,
                "skipped": false
              },
              {
                "title": "parameter publicIpResourceGroupName must be used in file mainTemplate.json",
                "fullTitle": "template files -  parameters tests -  parameter publicIpResourceGroupName must be used in file mainTemplate.json",
                "timedOut": false,
                "duration": 0,
                "state": "passed",
                "speed": "fast",
                "pass": true,
                "fail": false,
                "pending": false,
                "code": "process.bind(this)(test, done);",
                "err": {},
                "isRoot": false,
                "uuid": "d2119b4f-69cd-4424-b2fa-18844d508578",
                "isHook": false,
                "skipped": false
              },
              {
                "title": "parameter _artifactsLocation must be used in file mainTemplate.json",
                "fullTitle": "template files -  parameters tests -  parameter _artifactsLocation must be used in file mainTemplate.json",
                "timedOut": false,
                "duration": 0,
                "state": "passed",
                "speed": "fast",
                "pass": true,
                "fail": false,
                "pending": false,
                "code": "process.bind(this)(test, done);",
                "err": {},
                "isRoot": false,
                "uuid": "f26bb236-18a8-40b6-a8df-5e7e157e1a6e",
                "isHook": false,
                "skipped": false
              },
              {
                "title": "parameter _artifactsLocationSasToken must be used in file mainTemplate.json",
                "fullTitle": "template files -  parameters tests -  parameter _artifactsLocationSasToken must be used in file mainTemplate.json",
                "timedOut": false,
                "duration": 0,
                "state": "passed",
                "speed": "fast",
                "pass": true,
                "fail": false,
                "pending": false,
                "code": "process.bind(this)(test, done);",
                "err": {},
                "isRoot": false,
                "uuid": "8aaa1453-3317-443b-9a76-90965c6b927a",
                "isHook": false,
                "skipped": false
              }
            ],
            "suites": [],
            "passes": [
              "dfac0020-0cfa-47a3-b742-fb8e89a731e2",
              "1b519939-7e0f-483e-8939-2f7aad455657",
              "4e2ee54c-9359-40d9-b077-9c51c9c15743",
              "a5c9e8c5-19e8-4e49-aa9a-71c0c80a253f",
              "0ba61f99-bf01-4304-a8be-d4f1dd1f75ee",
              "043a67e6-9c9e-4169-a7e5-8583977b488e",
              "9369847e-2af9-4824-8917-32692a4868aa",
              "660ae3b4-199d-4f0c-9892-d3824274cd2a",
              "9791be68-4935-469e-bfc5-52d953914b57",
              "82715800-5433-4c4f-8e1b-100b487be55f",
              "3d138373-0f41-4e9e-9515-4c14629349ae",
              "b3641f94-3d79-481d-8a5d-c4488926e79f",
              "61de690b-4eb7-42db-b5c2-56e4c481a49a",
              "93d301d8-5e8b-4a2b-a4a1-f793e48634c3",
              "5d52abd4-7e07-4f01-bd10-da8791588609",
              "187382ca-2267-4961-94ca-1adddb41dfd9",
              "23d39137-0e31-4a55-87a8-3cc8ecea300b",
              "8598d857-027a-488b-8b80-f462cbd1d1c8",
              "0ea05694-c875-476c-bd6f-355ad91669d4",
              "c4389059-f9a0-4c67-a590-583de61109c9",
              "fd6ed65f-166e-4abb-b8c5-872af2b4a9ec",
              "0824ac07-f60e-4e61-a9c9-c904fb87b7ab",
              "dc41bd37-a86c-4c80-82f0-2f846380d1db",
              "87f88085-3683-46b8-b293-2562a90e18c0",
              "fab0a37c-6d5d-45bc-9aa3-e68eb9b108e3",
              "fccd6e9e-bd18-4937-988c-916695aac9ff",
              "cbc20508-52e6-4d2b-8564-d76e4527cf08",
              "60975aff-8e05-4c74-900e-5716c3700cf2",
              "5fe575b3-28b1-4cca-9da5-4b62735743c0",
              "bf0985db-e2f9-4832-b43e-d51631336ce6",
              "4c730c26-1ee9-4a4a-a659-6f93741ac1b3",
              "1fd107f0-77ee-49d0-a721-599faaf1aff3",
              "df694a5e-2bda-4bda-9291-1940c64e1f4b",
              "54169252-8724-40b8-b7c4-15327cf0ab3e",
              "1a07690d-1a57-4166-97cd-46067280192c",
              "256a9641-e83f-4a04-939b-d7da513a5c34",
              "9ec05dac-e645-4518-8823-4fdd703eee98",
              "d916b1eb-3fd4-4f08-bfbc-466fb8fb8aec",
              "6d7d9a0c-ecb8-4b6d-a635-345f191ed344",
              "8e08fe1a-1de4-4902-87a1-1770db659e76",
              "b5aac9ab-5e04-4254-b0d6-7f5645b84375",
              "ae7a06b9-7906-4be1-8bfe-d9063c5bc950",
              "d28063a8-99af-4c35-834e-91df720518ba",
              "c94f0b3f-43a8-4284-ab16-90a8d926c306",
              "d2119b4f-69cd-4424-b2fa-18844d508578",
              "f26bb236-18a8-40b6-a8df-5e7e157e1a6e",
              "8aaa1453-3317-443b-9a76-90965c6b927a"
            ],
            "failures": [],
            "pending": [],
            "skipped": [],
            "duration": 4,
            "root": false,
            "rootEmpty": false,
            "_timeout": 2000
          },
          {
            "uuid": "d5b205f5-9701-490f-980e-d271460290ec",
            "title": "resources tests - ",
            "fullFile": "C:\\Users\\bmoore\\OneDrive - Microsoft\\Private\\ARM Intro Decks\\arm-intro\\template-validation-tests\\test\\mainTemplateTests.js",
            "file": "\\test\\mainTemplateTests.js",
            "beforeHooks": [],
            "afterHooks": [],
            "tests": [
              {
                "title": "location value of resource [parameters('storageAccountName')] should be either [parameters('*')] or [variables('*')]",
                "fullTitle": "template files -  resources tests -  location value of resource [parameters('storageAccountName')] should be either [parameters('*')] or [variables('*')]",
                "timedOut": false,
                "duration": 1,
                "state": "passed",
                "speed": "fast",
                "pass": true,
                "fail": false,
                "pending": false,
                "code": "process.bind(this)(test, done);",
                "err": {},
                "isRoot": false,
                "uuid": "801a8dc1-1039-45ba-b23d-7b5f9ef59186",
                "isHook": false,
                "skipped": false
              },
              {
                "title": "location value of resource [parameters('publicIpName')] should be either [parameters('*')] or [variables('*')]",
                "fullTitle": "template files -  resources tests -  location value of resource [parameters('publicIpName')] should be either [parameters('*')] or [variables('*')]",
                "timedOut": false,
                "duration": 1,
                "state": "passed",
                "speed": "fast",
                "pass": true,
                "fail": false,
                "pending": false,
                "code": "process.bind(this)(test, done);",
                "err": {},
                "isRoot": false,
                "uuid": "39027019-8ab4-49f9-a5aa-898093f0de51",
                "isHook": false,
                "skipped": false
              },
              {
                "title": "location value of resource [parameters('virtualNetworkName')] should be either [parameters('*')] or [variables('*')]",
                "fullTitle": "template files -  resources tests -  location value of resource [parameters('virtualNetworkName')] should be either [parameters('*')] or [variables('*')]",
                "timedOut": false,
                "duration": 1,
                "state": "passed",
                "speed": "fast",
                "pass": true,
                "fail": false,
                "pending": false,
                "code": "process.bind(this)(test, done);",
                "err": {},
                "isRoot": false,
                "uuid": "b92035de-eeb4-4851-8f07-baf8abf90413",
                "isHook": false,
                "skipped": false
              },
              {
                "title": "location value of resource [variables('networkSecurityGroupName')] should be either [parameters('*')] or [variables('*')]",
                "fullTitle": "template files -  resources tests -  location value of resource [variables('networkSecurityGroupName')] should be either [parameters('*')] or [variables('*')]",
                "timedOut": false,
                "duration": 1,
                "state": "passed",
                "speed": "fast",
                "pass": true,
                "fail": false,
                "pending": false,
                "code": "process.bind(this)(test, done);",
                "err": {},
                "isRoot": false,
                "uuid": "43bb14e5-5afa-401c-82df-cb0611277c8b",
                "isHook": false,
                "skipped": false
              },
              {
                "title": "location value of resource [variables('nicName')] should be either [parameters('*')] or [variables('*')]",
                "fullTitle": "template files -  resources tests -  location value of resource [variables('nicName')] should be either [parameters('*')] or [variables('*')]",
                "timedOut": false,
                "duration": 1,
                "state": "passed",
                "speed": "fast",
                "pass": true,
                "fail": false,
                "pending": false,
                "code": "process.bind(this)(test, done);",
                "err": {},
                "isRoot": false,
                "uuid": "75aee6b8-734b-49a4-9366-cca0e25ba6af",
                "isHook": false,
                "skipped": false
              },
              {
                "title": "location value of resource [parameters('vmName')] should be either [parameters('*')] or [variables('*')]",
                "fullTitle": "template files -  resources tests -  location value of resource [parameters('vmName')] should be either [parameters('*')] or [variables('*')]",
                "timedOut": false,
                "duration": 0,
                "state": "passed",
                "speed": "fast",
                "pass": true,
                "fail": false,
                "pending": false,
                "code": "process.bind(this)(test, done);",
                "err": {},
                "isRoot": false,
                "uuid": "8c6088fc-38a8-4c82-b712-4e541f708f8e",
                "isHook": false,
                "skipped": false
              },
              {
                "title": "resourceGroup().location must NOT be be used in the template file mainTemplate.json, except as a default value for the location parameter. Please correct similar errors in the file",
                "fullTitle": "template files -  resources tests -  resourceGroup().location must NOT be be used in the template file mainTemplate.json, except as a default value for the location parameter. Please correct similar errors in the file",
                "timedOut": false,
                "duration": 0,
                "state": "passed",
                "speed": "fast",
                "pass": true,
                "fail": false,
                "pending": false,
                "code": "process.bind(this)(test, done);",
                "err": {},
                "isRoot": false,
                "uuid": "d64ee4ac-f7c2-4880-8c5e-1a628664d19d",
                "isHook": false,
                "skipped": false
              },
              {
                "title": "providers().apiVersions must NOT be retrieved using providers().apiVersions[n] in the template file mainTemplate.json. This function is non-deterministic. Please correct similar errors in the file",
                "fullTitle": "template files -  resources tests -  providers().apiVersions must NOT be retrieved using providers().apiVersions[n] in the template file mainTemplate.json. This function is non-deterministic. Please correct similar errors in the file",
                "timedOut": false,
                "duration": 0,
                "state": "passed",
                "speed": "fast",
                "pass": true,
                "fail": false,
                "pending": false,
                "code": "process.bind(this)(test, done);",
                "err": {},
                "isRoot": false,
                "uuid": "86a7e287-7c2a-425a-8aae-a58d84515a5b",
                "isHook": false,
                "skipped": false
              }
            ],
            "suites": [],
            "passes": [
              "801a8dc1-1039-45ba-b23d-7b5f9ef59186",
              "39027019-8ab4-49f9-a5aa-898093f0de51",
              "b92035de-eeb4-4851-8f07-baf8abf90413",
              "43bb14e5-5afa-401c-82df-cb0611277c8b",
              "75aee6b8-734b-49a4-9366-cca0e25ba6af",
              "8c6088fc-38a8-4c82-b712-4e541f708f8e",
              "d64ee4ac-f7c2-4880-8c5e-1a628664d19d",
              "86a7e287-7c2a-425a-8aae-a58d84515a5b"
            ],
            "failures": [],
            "pending": [],
            "skipped": [],
            "duration": 5,
            "root": false,
            "rootEmpty": false,
            "_timeout": 2000
          }
        ],
        "passes": [],
        "failures": [],
        "pending": [],
        "skipped": [],
        "duration": 0,
        "root": false,
        "rootEmpty": false,
        "_timeout": 2000
      },
      {
        "uuid": "18231fac-69d1-4070-8b33-e3d7d4e75c86",
        "title": "json files in folder - ",
        "fullFile": "C:\\Users\\bmoore\\OneDrive - Microsoft\\Private\\ARM Intro Decks\\arm-intro\\template-validation-tests\\test\\validateJsonTests.js",
        "file": "\\test\\validateJsonTests.js",
        "beforeHooks": [],
        "afterHooks": [],
        "tests": [
          {
            "title": "azuredeploy.parameters.1.json must be a valid json",
            "fullTitle": "json files in folder -  azuredeploy.parameters.1.json must be a valid json",
            "timedOut": false,
            "duration": 3,
            "state": "passed",
            "speed": "fast",
            "pass": true,
            "fail": false,
            "pending": false,
            "code": "process.bind(this)(test, done);",
            "err": {},
            "isRoot": false,
            "uuid": "a82e3fea-61e0-4499-93d7-902351246b56",
            "isHook": false,
            "skipped": false
          },
          {
            "title": "azuredeploy.parameters.2.json must be a valid json",
            "fullTitle": "json files in folder -  azuredeploy.parameters.2.json must be a valid json",
            "timedOut": false,
            "duration": 3,
            "state": "passed",
            "speed": "fast",
            "pass": true,
            "fail": false,
            "pending": false,
            "code": "process.bind(this)(test, done);",
            "err": {},
            "isRoot": false,
            "uuid": "bec2bb84-2974-43cb-abf6-a5ad2725a8d3",
            "isHook": false,
            "skipped": false
          },
          {
            "title": "azuredeploy.parameters.json must be a valid json",
            "fullTitle": "json files in folder -  azuredeploy.parameters.json must be a valid json",
            "timedOut": false,
            "duration": 1,
            "state": "passed",
            "speed": "fast",
            "pass": true,
            "fail": false,
            "pending": false,
            "code": "process.bind(this)(test, done);",
            "err": {},
            "isRoot": false,
            "uuid": "16ae099e-2b00-4752-9e3e-8844550f6452",
            "isHook": false,
            "skipped": false
          },
          {
            "title": "createUiDefinition.json must be a valid json",
            "fullTitle": "json files in folder -  createUiDefinition.json must be a valid json",
            "timedOut": false,
            "duration": 11,
            "state": "passed",
            "speed": "fast",
            "pass": true,
            "fail": false,
            "pending": false,
            "code": "process.bind(this)(test, done);",
            "err": {},
            "isRoot": false,
            "uuid": "adf85103-1018-442f-8ac3-6b87c31bc305",
            "isHook": false,
            "skipped": false
          },
          {
            "title": "mainTemplate.json must be a valid json",
            "fullTitle": "json files in folder -  mainTemplate.json must be a valid json",
            "timedOut": false,
            "duration": 14,
            "state": "passed",
            "speed": "fast",
            "pass": true,
            "fail": false,
            "pending": false,
            "code": "process.bind(this)(test, done);",
            "err": {},
            "isRoot": false,
            "uuid": "b880cb4c-8838-4ada-9db6-0088dad9852b",
            "isHook": false,
            "skipped": false
          },
          {
            "title": "metadata.json must be a valid json",
            "fullTitle": "json files in folder -  metadata.json must be a valid json",
            "timedOut": false,
            "duration": 1,
            "state": "passed",
            "speed": "fast",
            "pass": true,
            "fail": false,
            "pending": false,
            "code": "process.bind(this)(test, done);",
            "err": {},
            "isRoot": false,
            "uuid": "e13c19b2-3212-4f7d-ba0b-d175506e62a5",
            "isHook": false,
            "skipped": false
          }
        ],
        "suites": [],
        "passes": [
          "a82e3fea-61e0-4499-93d7-902351246b56",
          "bec2bb84-2974-43cb-abf6-a5ad2725a8d3",
          "16ae099e-2b00-4752-9e3e-8844550f6452",
          "adf85103-1018-442f-8ac3-6b87c31bc305",
          "b880cb4c-8838-4ada-9db6-0088dad9852b",
          "e13c19b2-3212-4f7d-ba0b-d175506e62a5"
        ],
        "failures": [],
        "pending": [],
        "skipped": [],
        "duration": 33,
        "root": false,
        "rootEmpty": false,
        "_timeout": 2000
      }
    ],
    "passes": [],
    "failures": [],
    "pending": [],
    "skipped": [],
    "duration": 0,
    "root": true,
    "rootEmpty": true,
    "_timeout": 2000
  },
  "copyrightYear": 2018
}